#
# There is insufficient memory for the Java Runtime Environment to continue.
# Native memory allocation (malloc) failed to allocate 32744 bytes for ChunkPool::allocate
# Possible reasons:
#   The system is out of physical RAM or swap space
#   The process is running with CompressedOops enabled, and the Java Heap may be blocking the growth of the native heap
# Possible solutions:
#   Reduce memory load on the system
#   Increase physical memory or swap space
#   Check if swap backing store is full
#   Decrease Java heap size (-Xmx/-Xms)
#   Decrease number of Java threads
#   Decrease Java thread stack sizes (-Xss)
#   Set larger code cache with -XX:ReservedCodeCacheSize=
#   JVM is running with Zero Based Compressed Oops mode in which the Java heap is
#     placed in the first 32GB address space. The Java Heap base address is the
#     maximum limit for the native heap growth. Please use -XX:HeapBaseMinAddress
#     to set the Java Heap base and to place the Java Heap above 32GB virtual address.
# This output file may be truncated or incomplete.
#
#  Out of Memory Error (arena.cpp:78), pid=23080, tid=14528
#
# JRE version: Java(TM) SE Runtime Environment (17.0.12+8) (build 17.0.12+8-LTS-286)
# Java VM: Java HotSpot(TM) 64-Bit Server VM (17.0.12+8-LTS-286, mixed mode, sharing, tiered, compressed oops, compressed class ptrs, g1 gc, windows-amd64)
# No core dump will be written. Minidumps are not enabled by default on client versions of Windows
#

---------------  S U M M A R Y ------------

Command Line: -Dorg.gradle.appname=gradlew org.gradle.wrapper.GradleWrapperMain -q -Ptarget-platform=android-x64 -Ptarget=F:\Best-Flutter-UI-Templates-master\Best-Flutter-UI-Templates-master\dashboard\lib\main.dart -Pbase-application-name=android.app.Application -Pdart-defines=Zmx1dHRlci5pbnNwZWN0b3Iuc3RydWN0dXJlZEVycm9ycz10cnVl,RkxVVFRFUl9WRVJTSU9OPTMuMzguMw==,RkxVVFRFUl9DSEFOTkVMPXN0YWJsZQ==,RkxVVFRFUl9HSVRfVVJMPWh0dHBzOi8vZ2l0aHViLmNvbS9mbHV0dGVyL2ZsdXR0ZXIuZ2l0,RkxVVFRFUl9GUkFNRVdPUktfUkVWSVNJT049MTkwNzRkMTJmNw==,RkxVVFRFUl9FTkdJTkVfUkVWSVNJT049MTNlNjU4NzI1ZA==,RkxVVFRFUl9EQVJUX1ZFUlNJT049My4xMC4x -Pdart-obfuscation=false -Ptrack-widget-creation=true -Ptree-shake-icons=false -Pfilesystem-scheme=org-dartlang-root assembleDebug

Host: Intel(R) Core(TM) i7-10750H CPU @ 2.60GHz, 12 cores, 15G,  Windows 11 , 64 bit Build 26100 (10.0.26100.7019)
Time: Fri Dec  5 22:42:43 2025 SE Asia Standard Time elapsed time: 28.120482 seconds (0d 0h 0m 28s)

---------------  T H R E A D  ---------------

Current thread (0x000002e86ad4eff0):  JavaThread "C1 CompilerThread0" daemon [_thread_in_native, id=14528, stack(0x000000f00f300000,0x000000f00f400000)]


Current CompileTask:
C1:  28120 1591       3       sun.nio.cs.UTF_8$Decoder::decodeArrayLoop (688 bytes)

Stack: [0x000000f00f300000,0x000000f00f400000]
Native frames: (J=compiled Java code, j=interpreted, Vv=VM code, C=native code)
V  [jvm.dll+0x67a04a]
V  [jvm.dll+0x7da4ed]
V  [jvm.dll+0x7dbe33]
V  [jvm.dll+0x7dc4a3]
V  [jvm.dll+0x24508f]
V  [jvm.dll+0xab9a4]
V  [jvm.dll+0xabd3c]
V  [jvm.dll+0xb75dd]
V  [jvm.dll+0x15f42e]
V  [jvm.dll+0x16b299]
V  [jvm.dll+0x16b39b]
V  [jvm.dll+0x160d68]
V  [jvm.dll+0x15e16e]
V  [jvm.dll+0x14c490]
V  [jvm.dll+0x1355a7]
V  [jvm.dll+0x134eff]
V  [jvm.dll+0x135148]
V  [jvm.dll+0x1345d1]
V  [jvm.dll+0x1362bd]
V  [jvm.dll+0x22610b]
V  [jvm.dll+0x2242ab]
V  [jvm.dll+0x79075c]
V  [jvm.dll+0x78abea]
V  [jvm.dll+0x678f35]
C  [ucrtbase.dll+0x37b0]
C  [KERNEL32.DLL+0x2e8d7]
C  [ntdll.dll+0x8c53c]


---------------  P R O C E S S  ---------------

Threads class SMR info:
_java_thread_list=0x000002e8706634b0, length=13, elements={
0x000002e845e26cc0, 0x000002e86ad33060, 0x000002e86ad33b30, 0x000002e86ad4bfc0,
0x000002e86ad4c890, 0x000002e86ad4d160, 0x000002e86ad4da30, 0x000002e86ad4e630,
0x000002e86ad4eff0, 0x000002e86ad603f0, 0x000002e86aea1b70, 0x000002e86aecacc0,
0x000002e870567120
}

Java Threads: ( => current thread )
  0x000002e845e26cc0 JavaThread "main" [_thread_in_vm, id=23568, stack(0x000000f00e500000,0x000000f00e600000)]
  0x000002e86ad33060 JavaThread "Reference Handler" daemon [_thread_blocked, id=26300, stack(0x000000f00ec00000,0x000000f00ed00000)]
  0x000002e86ad33b30 JavaThread "Finalizer" daemon [_thread_blocked, id=24196, stack(0x000000f00ed00000,0x000000f00ee00000)]
  0x000002e86ad4bfc0 JavaThread "Signal Dispatcher" daemon [_thread_blocked, id=15036, stack(0x000000f00ee00000,0x000000f00ef00000)]
  0x000002e86ad4c890 JavaThread "Attach Listener" daemon [_thread_blocked, id=3716, stack(0x000000f00ef00000,0x000000f00f000000)]
  0x000002e86ad4d160 JavaThread "Service Thread" daemon [_thread_blocked, id=25912, stack(0x000000f00f000000,0x000000f00f100000)]
  0x000002e86ad4da30 JavaThread "Monitor Deflation Thread" daemon [_thread_blocked, id=14076, stack(0x000000f00f100000,0x000000f00f200000)]
  0x000002e86ad4e630 JavaThread "C2 CompilerThread0" daemon [_thread_in_native, id=9068, stack(0x000000f00f200000,0x000000f00f300000)]
=>0x000002e86ad4eff0 JavaThread "C1 CompilerThread0" daemon [_thread_in_native, id=14528, stack(0x000000f00f300000,0x000000f00f400000)]
  0x000002e86ad603f0 JavaThread "Sweeper thread" daemon [_thread_blocked, id=676, stack(0x000000f00f400000,0x000000f00f500000)]
  0x000002e86aea1b70 JavaThread "Notification Thread" daemon [_thread_blocked, id=16036, stack(0x000000f00f500000,0x000000f00f600000)]
  0x000002e86aecacc0 JavaThread "Common-Cleaner" daemon [_thread_blocked, id=26104, stack(0x000000f00f700000,0x000000f00f800000)]
  0x000002e870567120 JavaThread "pool-1-thread-1" [_thread_blocked, id=23212, stack(0x000000f00ff00000,0x000000f010000000)]

Other Threads:
  0x000002e86ad2f6b0 VMThread "VM Thread" [stack: 0x000000f00eb00000,0x000000f00ec00000] [id=14676]
  0x000002e845eb2e80 WatcherThread [stack: 0x000000f00f600000,0x000000f00f700000] [id=16424]
  0x000002e845e94620 GCTaskThread "GC Thread#0" [stack: 0x000000f00e600000,0x000000f00e700000] [id=24792]
  0x000002e86b65a010 GCTaskThread "GC Thread#1" [stack: 0x000000f00fa00000,0x000000f00fb00000] [id=24964]
  0x000002e86b4185c0 GCTaskThread "GC Thread#2" [stack: 0x000000f00fb00000,0x000000f00fc00000] [id=25976]
  0x000002e86b0dd370 GCTaskThread "GC Thread#3" [stack: 0x000000f00fc00000,0x000000f00fd00000] [id=22440]
  0x000002e86b4b65f0 GCTaskThread "GC Thread#4" [stack: 0x000000f00fd00000,0x000000f00fe00000] [id=3648]
  0x000002e86b0ca680 GCTaskThread "GC Thread#5" [stack: 0x000000f00fe00000,0x000000f00ff00000] [id=2472]
  0x000002e845ea51c0 ConcurrentGCThread "G1 Main Marker" [stack: 0x000000f00e700000,0x000000f00e800000] [id=22740]
  0x000002e845ea6af0 ConcurrentGCThread "G1 Conc#0" [stack: 0x000000f00e800000,0x000000f00e900000] [id=2500]
  0x000002e845ee2090 ConcurrentGCThread "G1 Refine#0" [stack: 0x000000f00e900000,0x000000f00ea00000] [id=9928]
  0x000002e845ee4c90 ConcurrentGCThread "G1 Service" [stack: 0x000000f00ea00000,0x000000f00eb00000] [id=11112]

Threads with active compile tasks:
C2 CompilerThread0    28139 1586 % !   4       java.io.BufferedReader::readLine @ 139 (327 bytes)
C1 CompilerThread0    28139 1591       3       sun.nio.cs.UTF_8$Decoder::decodeArrayLoop (688 bytes)

VM state: not at safepoint (normal execution)

VM Mutex/Monitor currently owned by a thread: None

Heap address: 0x0000000702c00000, size: 4052 MB, Compressed Oops mode: Zero based, Oop shift amount: 3

CDS archive(s) mapped at: [0x000002e800000000-0x000002e800bd0000-0x000002e800bd0000), size 12386304, SharedBaseAddress: 0x000002e800000000, ArchiveRelocationMode: 1.
Compressed class space mapped at: 0x000002e801000000-0x000002e841000000, reserved size: 1073741824
Narrow klass base: 0x000002e800000000, Narrow klass shift: 0, Narrow klass range: 0x100000000

GC Precious Log:
 CPUs: 12 total, 12 available
 Memory: 16205M
 Large Page Support: Disabled
 NUMA Support: Disabled
 Compressed Oops: Enabled (Zero based)
 Heap Region Size: 2M
 Heap Min Capacity: 8M
 Heap Initial Capacity: 254M
 Heap Max Capacity: 4052M
 Pre-touch: Disabled
 Parallel Workers: 10
 Concurrent Workers: 3
 Concurrent Refinement Workers: 10
 Periodic GC: Disabled

Heap:
 garbage-first heap   total 260096K, used 39338K [0x0000000702c00000, 0x0000000800000000)
  region size 2048K, 19 young (38912K), 2 survivors (4096K)
 Metaspace       used 9126K, committed 9344K, reserved 1114112K
  class space    used 1225K, committed 1344K, reserved 1048576K

Heap Regions: E=young(eden), S=young(survivor), O=old, HS=humongous(starts), HC=humongous(continues), CS=collection set, F=free, OA=open archive, CA=closed archive, TAMS=top-at-mark-start (previous, next)
|   0|0x0000000702c00000, 0x0000000702e00000, 0x0000000702e00000|100%|HS|  |TAMS 0x0000000702c00000, 0x0000000702c00000| Complete 
|   1|0x0000000702e00000, 0x0000000703000000, 0x0000000703000000|100%|HC|  |TAMS 0x0000000702e00000, 0x0000000702e00000| Complete 
|   2|0x0000000703000000, 0x0000000703000000, 0x0000000703200000|  0%| F|  |TAMS 0x0000000703000000, 0x0000000703000000| Untracked 
|   3|0x0000000703200000, 0x0000000703200000, 0x0000000703400000|  0%| F|  |TAMS 0x0000000703200000, 0x0000000703200000| Untracked 
|   4|0x0000000703400000, 0x0000000703400000, 0x0000000703600000|  0%| F|  |TAMS 0x0000000703400000, 0x0000000703400000| Untracked 
|   5|0x0000000703600000, 0x0000000703600000, 0x0000000703800000|  0%| F|  |TAMS 0x0000000703600000, 0x0000000703600000| Untracked 
|   6|0x0000000703800000, 0x0000000703800000, 0x0000000703a00000|  0%| F|  |TAMS 0x0000000703800000, 0x0000000703800000| Untracked 
|   7|0x0000000703a00000, 0x0000000703a00000, 0x0000000703c00000|  0%| F|  |TAMS 0x0000000703a00000, 0x0000000703a00000| Untracked 
|   8|0x0000000703c00000, 0x0000000703c00000, 0x0000000703e00000|  0%| F|  |TAMS 0x0000000703c00000, 0x0000000703c00000| Untracked 
|   9|0x0000000703e00000, 0x0000000703e00000, 0x0000000704000000|  0%| F|  |TAMS 0x0000000703e00000, 0x0000000703e00000| Untracked 
|  10|0x0000000704000000, 0x0000000704000000, 0x0000000704200000|  0%| F|  |TAMS 0x0000000704000000, 0x0000000704000000| Untracked 
|  11|0x0000000704200000, 0x0000000704200000, 0x0000000704400000|  0%| F|  |TAMS 0x0000000704200000, 0x0000000704200000| Untracked 
|  12|0x0000000704400000, 0x0000000704400000, 0x0000000704600000|  0%| F|  |TAMS 0x0000000704400000, 0x0000000704400000| Untracked 
|  13|0x0000000704600000, 0x0000000704600000, 0x0000000704800000|  0%| F|  |TAMS 0x0000000704600000, 0x0000000704600000| Untracked 
|  14|0x0000000704800000, 0x0000000704800000, 0x0000000704a00000|  0%| F|  |TAMS 0x0000000704800000, 0x0000000704800000| Untracked 
|  15|0x0000000704a00000, 0x0000000704a00000, 0x0000000704c00000|  0%| F|  |TAMS 0x0000000704a00000, 0x0000000704a00000| Untracked 
|  16|0x0000000704c00000, 0x0000000704c00000, 0x0000000704e00000|  0%| F|  |TAMS 0x0000000704c00000, 0x0000000704c00000| Untracked 
|  17|0x0000000704e00000, 0x0000000704e00000, 0x0000000705000000|  0%| F|  |TAMS 0x0000000704e00000, 0x0000000704e00000| Untracked 
|  18|0x0000000705000000, 0x0000000705000000, 0x0000000705200000|  0%| F|  |TAMS 0x0000000705000000, 0x0000000705000000| Untracked 
|  19|0x0000000705200000, 0x0000000705200000, 0x0000000705400000|  0%| F|  |TAMS 0x0000000705200000, 0x0000000705200000| Untracked 
|  20|0x0000000705400000, 0x0000000705400000, 0x0000000705600000|  0%| F|  |TAMS 0x0000000705400000, 0x0000000705400000| Untracked 
|  21|0x0000000705600000, 0x0000000705600000, 0x0000000705800000|  0%| F|  |TAMS 0x0000000705600000, 0x0000000705600000| Untracked 
|  22|0x0000000705800000, 0x0000000705800000, 0x0000000705a00000|  0%| F|  |TAMS 0x0000000705800000, 0x0000000705800000| Untracked 
|  23|0x0000000705a00000, 0x0000000705a00000, 0x0000000705c00000|  0%| F|  |TAMS 0x0000000705a00000, 0x0000000705a00000| Untracked 
|  24|0x0000000705c00000, 0x0000000705c00000, 0x0000000705e00000|  0%| F|  |TAMS 0x0000000705c00000, 0x0000000705c00000| Untracked 
|  25|0x0000000705e00000, 0x0000000705e00000, 0x0000000706000000|  0%| F|  |TAMS 0x0000000705e00000, 0x0000000705e00000| Untracked 
|  26|0x0000000706000000, 0x0000000706000000, 0x0000000706200000|  0%| F|  |TAMS 0x0000000706000000, 0x0000000706000000| Untracked 
|  27|0x0000000706200000, 0x0000000706200000, 0x0000000706400000|  0%| F|  |TAMS 0x0000000706200000, 0x0000000706200000| Untracked 
|  28|0x0000000706400000, 0x0000000706400000, 0x0000000706600000|  0%| F|  |TAMS 0x0000000706400000, 0x0000000706400000| Untracked 
|  29|0x0000000706600000, 0x0000000706600000, 0x0000000706800000|  0%| F|  |TAMS 0x0000000706600000, 0x0000000706600000| Untracked 
|  30|0x0000000706800000, 0x0000000706800000, 0x0000000706a00000|  0%| F|  |TAMS 0x0000000706800000, 0x0000000706800000| Untracked 
|  31|0x0000000706a00000, 0x0000000706a00000, 0x0000000706c00000|  0%| F|  |TAMS 0x0000000706a00000, 0x0000000706a00000| Untracked 
|  32|0x0000000706c00000, 0x0000000706c00000, 0x0000000706e00000|  0%| F|  |TAMS 0x0000000706c00000, 0x0000000706c00000| Untracked 
|  33|0x0000000706e00000, 0x0000000706e00000, 0x0000000707000000|  0%| F|  |TAMS 0x0000000706e00000, 0x0000000706e00000| Untracked 
|  34|0x0000000707000000, 0x0000000707000000, 0x0000000707200000|  0%| F|  |TAMS 0x0000000707000000, 0x0000000707000000| Untracked 
|  35|0x0000000707200000, 0x0000000707200000, 0x0000000707400000|  0%| F|  |TAMS 0x0000000707200000, 0x0000000707200000| Untracked 
|  36|0x0000000707400000, 0x0000000707400000, 0x0000000707600000|  0%| F|  |TAMS 0x0000000707400000, 0x0000000707400000| Untracked 
|  37|0x0000000707600000, 0x0000000707600000, 0x0000000707800000|  0%| F|  |TAMS 0x0000000707600000, 0x0000000707600000| Untracked 
|  38|0x0000000707800000, 0x0000000707800000, 0x0000000707a00000|  0%| F|  |TAMS 0x0000000707800000, 0x0000000707800000| Untracked 
|  39|0x0000000707a00000, 0x0000000707a00000, 0x0000000707c00000|  0%| F|  |TAMS 0x0000000707a00000, 0x0000000707a00000| Untracked 
|  40|0x0000000707c00000, 0x0000000707c00000, 0x0000000707e00000|  0%| F|  |TAMS 0x0000000707c00000, 0x0000000707c00000| Untracked 
|  41|0x0000000707e00000, 0x0000000707e00000, 0x0000000708000000|  0%| F|  |TAMS 0x0000000707e00000, 0x0000000707e00000| Untracked 
|  42|0x0000000708000000, 0x0000000708000000, 0x0000000708200000|  0%| F|  |TAMS 0x0000000708000000, 0x0000000708000000| Untracked 
|  43|0x0000000708200000, 0x0000000708200000, 0x0000000708400000|  0%| F|  |TAMS 0x0000000708200000, 0x0000000708200000| Untracked 
|  44|0x0000000708400000, 0x0000000708400000, 0x0000000708600000|  0%| F|  |TAMS 0x0000000708400000, 0x0000000708400000| Untracked 
|  45|0x0000000708600000, 0x0000000708600000, 0x0000000708800000|  0%| F|  |TAMS 0x0000000708600000, 0x0000000708600000| Untracked 
|  46|0x0000000708800000, 0x0000000708800000, 0x0000000708a00000|  0%| F|  |TAMS 0x0000000708800000, 0x0000000708800000| Untracked 
|  47|0x0000000708a00000, 0x0000000708a00000, 0x0000000708c00000|  0%| F|  |TAMS 0x0000000708a00000, 0x0000000708a00000| Untracked 
|  48|0x0000000708c00000, 0x0000000708c00000, 0x0000000708e00000|  0%| F|  |TAMS 0x0000000708c00000, 0x0000000708c00000| Untracked 
|  49|0x0000000708e00000, 0x0000000708e00000, 0x0000000709000000|  0%| F|  |TAMS 0x0000000708e00000, 0x0000000708e00000| Untracked 
|  50|0x0000000709000000, 0x0000000709000000, 0x0000000709200000|  0%| F|  |TAMS 0x0000000709000000, 0x0000000709000000| Untracked 
|  51|0x0000000709200000, 0x0000000709200000, 0x0000000709400000|  0%| F|  |TAMS 0x0000000709200000, 0x0000000709200000| Untracked 
|  52|0x0000000709400000, 0x0000000709400000, 0x0000000709600000|  0%| F|  |TAMS 0x0000000709400000, 0x0000000709400000| Untracked 
|  53|0x0000000709600000, 0x0000000709600000, 0x0000000709800000|  0%| F|  |TAMS 0x0000000709600000, 0x0000000709600000| Untracked 
|  54|0x0000000709800000, 0x0000000709800000, 0x0000000709a00000|  0%| F|  |TAMS 0x0000000709800000, 0x0000000709800000| Untracked 
|  55|0x0000000709a00000, 0x0000000709a00000, 0x0000000709c00000|  0%| F|  |TAMS 0x0000000709a00000, 0x0000000709a00000| Untracked 
|  56|0x0000000709c00000, 0x0000000709c00000, 0x0000000709e00000|  0%| F|  |TAMS 0x0000000709c00000, 0x0000000709c00000| Untracked 
|  57|0x0000000709e00000, 0x0000000709e00000, 0x000000070a000000|  0%| F|  |TAMS 0x0000000709e00000, 0x0000000709e00000| Untracked 
|  58|0x000000070a000000, 0x000000070a000000, 0x000000070a200000|  0%| F|  |TAMS 0x000000070a000000, 0x000000070a000000| Untracked 
|  59|0x000000070a200000, 0x000000070a200000, 0x000000070a400000|  0%| F|  |TAMS 0x000000070a200000, 0x000000070a200000| Untracked 
|  60|0x000000070a400000, 0x000000070a400000, 0x000000070a600000|  0%| F|  |TAMS 0x000000070a400000, 0x000000070a400000| Untracked 
|  61|0x000000070a600000, 0x000000070a600000, 0x000000070a800000|  0%| F|  |TAMS 0x000000070a600000, 0x000000070a600000| Untracked 
|  62|0x000000070a800000, 0x000000070a800000, 0x000000070aa00000|  0%| F|  |TAMS 0x000000070a800000, 0x000000070a800000| Untracked 
|  63|0x000000070aa00000, 0x000000070aa00000, 0x000000070ac00000|  0%| F|  |TAMS 0x000000070aa00000, 0x000000070aa00000| Untracked 
|  64|0x000000070ac00000, 0x000000070ac00000, 0x000000070ae00000|  0%| F|  |TAMS 0x000000070ac00000, 0x000000070ac00000| Untracked 
|  65|0x000000070ae00000, 0x000000070ae00000, 0x000000070b000000|  0%| F|  |TAMS 0x000000070ae00000, 0x000000070ae00000| Untracked 
|  66|0x000000070b000000, 0x000000070b000000, 0x000000070b200000|  0%| F|  |TAMS 0x000000070b000000, 0x000000070b000000| Untracked 
|  67|0x000000070b200000, 0x000000070b200000, 0x000000070b400000|  0%| F|  |TAMS 0x000000070b200000, 0x000000070b200000| Untracked 
|  68|0x000000070b400000, 0x000000070b400000, 0x000000070b600000|  0%| F|  |TAMS 0x000000070b400000, 0x000000070b400000| Untracked 
|  69|0x000000070b600000, 0x000000070b600000, 0x000000070b800000|  0%| F|  |TAMS 0x000000070b600000, 0x000000070b600000| Untracked 
|  70|0x000000070b800000, 0x000000070b800000, 0x000000070ba00000|  0%| F|  |TAMS 0x000000070b800000, 0x000000070b800000| Untracked 
|  71|0x000000070ba00000, 0x000000070ba00000, 0x000000070bc00000|  0%| F|  |TAMS 0x000000070ba00000, 0x000000070ba00000| Untracked 
|  72|0x000000070bc00000, 0x000000070bc00000, 0x000000070be00000|  0%| F|  |TAMS 0x000000070bc00000, 0x000000070bc00000| Untracked 
|  73|0x000000070be00000, 0x000000070be00000, 0x000000070c000000|  0%| F|  |TAMS 0x000000070be00000, 0x000000070be00000| Untracked 
|  74|0x000000070c000000, 0x000000070c000000, 0x000000070c200000|  0%| F|  |TAMS 0x000000070c000000, 0x000000070c000000| Untracked 
|  75|0x000000070c200000, 0x000000070c200000, 0x000000070c400000|  0%| F|  |TAMS 0x000000070c200000, 0x000000070c200000| Untracked 
|  76|0x000000070c400000, 0x000000070c400000, 0x000000070c600000|  0%| F|  |TAMS 0x000000070c400000, 0x000000070c400000| Untracked 
|  77|0x000000070c600000, 0x000000070c600000, 0x000000070c800000|  0%| F|  |TAMS 0x000000070c600000, 0x000000070c600000| Untracked 
|  78|0x000000070c800000, 0x000000070c800000, 0x000000070ca00000|  0%| F|  |TAMS 0x000000070c800000, 0x000000070c800000| Untracked 
|  79|0x000000070ca00000, 0x000000070ca00000, 0x000000070cc00000|  0%| F|  |TAMS 0x000000070ca00000, 0x000000070ca00000| Untracked 
|  80|0x000000070cc00000, 0x000000070cc00000, 0x000000070ce00000|  0%| F|  |TAMS 0x000000070cc00000, 0x000000070cc00000| Untracked 
|  81|0x000000070ce00000, 0x000000070ce00000, 0x000000070d000000|  0%| F|  |TAMS 0x000000070ce00000, 0x000000070ce00000| Untracked 
|  82|0x000000070d000000, 0x000000070d000000, 0x000000070d200000|  0%| F|  |TAMS 0x000000070d000000, 0x000000070d000000| Untracked 
|  83|0x000000070d200000, 0x000000070d200000, 0x000000070d400000|  0%| F|  |TAMS 0x000000070d200000, 0x000000070d200000| Untracked 
|  84|0x000000070d400000, 0x000000070d400000, 0x000000070d600000|  0%| F|  |TAMS 0x000000070d400000, 0x000000070d400000| Untracked 
|  85|0x000000070d600000, 0x000000070d600000, 0x000000070d800000|  0%| F|  |TAMS 0x000000070d600000, 0x000000070d600000| Untracked 
|  86|0x000000070d800000, 0x000000070d800000, 0x000000070da00000|  0%| F|  |TAMS 0x000000070d800000, 0x000000070d800000| Untracked 
|  87|0x000000070da00000, 0x000000070da00000, 0x000000070dc00000|  0%| F|  |TAMS 0x000000070da00000, 0x000000070da00000| Untracked 
|  88|0x000000070dc00000, 0x000000070dc00000, 0x000000070de00000|  0%| F|  |TAMS 0x000000070dc00000, 0x000000070dc00000| Untracked 
|  89|0x000000070de00000, 0x000000070de00000, 0x000000070e000000|  0%| F|  |TAMS 0x000000070de00000, 0x000000070de00000| Untracked 
|  90|0x000000070e000000, 0x000000070e000000, 0x000000070e200000|  0%| F|  |TAMS 0x000000070e000000, 0x000000070e000000| Untracked 
|  91|0x000000070e200000, 0x000000070e200000, 0x000000070e400000|  0%| F|  |TAMS 0x000000070e200000, 0x000000070e200000| Untracked 
|  92|0x000000070e400000, 0x000000070e400000, 0x000000070e600000|  0%| F|  |TAMS 0x000000070e400000, 0x000000070e400000| Untracked 
|  93|0x000000070e600000, 0x000000070e600000, 0x000000070e800000|  0%| F|  |TAMS 0x000000070e600000, 0x000000070e600000| Untracked 
|  94|0x000000070e800000, 0x000000070e800000, 0x000000070ea00000|  0%| F|  |TAMS 0x000000070e800000, 0x000000070e800000| Untracked 
|  95|0x000000070ea00000, 0x000000070ea00000, 0x000000070ec00000|  0%| F|  |TAMS 0x000000070ea00000, 0x000000070ea00000| Untracked 
|  96|0x000000070ec00000, 0x000000070ec00000, 0x000000070ee00000|  0%| F|  |TAMS 0x000000070ec00000, 0x000000070ec00000| Untracked 
|  97|0x000000070ee00000, 0x000000070ee00000, 0x000000070f000000|  0%| F|  |TAMS 0x000000070ee00000, 0x000000070ee00000| Untracked 
|  98|0x000000070f000000, 0x000000070f000000, 0x000000070f200000|  0%| F|  |TAMS 0x000000070f000000, 0x000000070f000000| Untracked 
|  99|0x000000070f200000, 0x000000070f200000, 0x000000070f400000|  0%| F|  |TAMS 0x000000070f200000, 0x000000070f200000| Untracked 
| 100|0x000000070f400000, 0x000000070f400000, 0x000000070f600000|  0%| F|  |TAMS 0x000000070f400000, 0x000000070f400000| Untracked 
| 101|0x000000070f600000, 0x000000070f600000, 0x000000070f800000|  0%| F|  |TAMS 0x000000070f600000, 0x000000070f600000| Untracked 
| 102|0x000000070f800000, 0x000000070f800000, 0x000000070fa00000|  0%| F|  |TAMS 0x000000070f800000, 0x000000070f800000| Untracked 
| 103|0x000000070fa00000, 0x000000070fa00000, 0x000000070fc00000|  0%| F|  |TAMS 0x000000070fa00000, 0x000000070fa00000| Untracked 
| 104|0x000000070fc00000, 0x000000070fc00000, 0x000000070fe00000|  0%| F|  |TAMS 0x000000070fc00000, 0x000000070fc00000| Untracked 
| 105|0x000000070fe00000, 0x000000070fe00000, 0x0000000710000000|  0%| F|  |TAMS 0x000000070fe00000, 0x000000070fe00000| Untracked 
| 106|0x0000000710000000, 0x0000000710000000, 0x0000000710200000|  0%| F|  |TAMS 0x0000000710000000, 0x0000000710000000| Untracked 
| 107|0x0000000710200000, 0x0000000710200000, 0x0000000710400000|  0%| F|  |TAMS 0x0000000710200000, 0x0000000710200000| Untracked 
| 108|0x0000000710400000, 0x00000007105561a8, 0x0000000710600000| 66%| E|  |TAMS 0x0000000710400000, 0x0000000710400000| Complete 
| 109|0x0000000710600000, 0x0000000710800000, 0x0000000710800000|100%| E|CS|TAMS 0x0000000710600000, 0x0000000710600000| Complete 
| 110|0x0000000710800000, 0x0000000710a00000, 0x0000000710a00000|100%| E|CS|TAMS 0x0000000710800000, 0x0000000710800000| Complete 
| 111|0x0000000710a00000, 0x0000000710c00000, 0x0000000710c00000|100%| E|CS|TAMS 0x0000000710a00000, 0x0000000710a00000| Complete 
| 112|0x0000000710c00000, 0x0000000710e00000, 0x0000000710e00000|100%| E|CS|TAMS 0x0000000710c00000, 0x0000000710c00000| Complete 
| 113|0x0000000710e00000, 0x0000000711000000, 0x0000000711000000|100%| E|CS|TAMS 0x0000000710e00000, 0x0000000710e00000| Complete 
| 114|0x0000000711000000, 0x000000071106aa80, 0x0000000711200000| 20%| S|CS|TAMS 0x0000000711000000, 0x0000000711000000| Complete 
| 115|0x0000000711200000, 0x0000000711400000, 0x0000000711400000|100%| S|CS|TAMS 0x0000000711200000, 0x0000000711200000| Complete 
| 116|0x0000000711400000, 0x0000000711600000, 0x0000000711600000|100%| E|CS|TAMS 0x0000000711400000, 0x0000000711400000| Complete 
| 117|0x0000000711600000, 0x0000000711800000, 0x0000000711800000|100%| E|CS|TAMS 0x0000000711600000, 0x0000000711600000| Complete 
| 118|0x0000000711800000, 0x0000000711a00000, 0x0000000711a00000|100%| E|CS|TAMS 0x0000000711800000, 0x0000000711800000| Complete 
| 119|0x0000000711a00000, 0x0000000711c00000, 0x0000000711c00000|100%| E|CS|TAMS 0x0000000711a00000, 0x0000000711a00000| Complete 
| 120|0x0000000711c00000, 0x0000000711e00000, 0x0000000711e00000|100%| E|CS|TAMS 0x0000000711c00000, 0x0000000711c00000| Complete 
| 121|0x0000000711e00000, 0x0000000712000000, 0x0000000712000000|100%| E|CS|TAMS 0x0000000711e00000, 0x0000000711e00000| Complete 
| 122|0x0000000712000000, 0x0000000712200000, 0x0000000712200000|100%| E|CS|TAMS 0x0000000712000000, 0x0000000712000000| Complete 
| 123|0x0000000712200000, 0x0000000712400000, 0x0000000712400000|100%| E|CS|TAMS 0x0000000712200000, 0x0000000712200000| Complete 
| 124|0x0000000712400000, 0x0000000712600000, 0x0000000712600000|100%| E|CS|TAMS 0x0000000712400000, 0x0000000712400000| Complete 
| 125|0x0000000712600000, 0x0000000712800000, 0x0000000712800000|100%| E|CS|TAMS 0x0000000712600000, 0x0000000712600000| Complete 
| 126|0x0000000712800000, 0x0000000712a00000, 0x0000000712a00000|100%| E|CS|TAMS 0x0000000712800000, 0x0000000712800000| Complete 

Card table byte_map: [0x000002e85f170000,0x000002e85f960000] _byte_map_base: 0x000002e85b95a000

Marking Bits (Prev, Next): (CMBitMap*) 0x000002e845e94b50, (CMBitMap*) 0x000002e845e94b90
 Prev Bits: [0x000002e860150000, 0x000002e8640a0000)
 Next Bits: [0x000002e8640a0000, 0x000002e867ff0000)

Polling page: 0x000002e845b30000

Metaspace:

Usage:
  Non-class:      7.73 MB used.
      Class:      1.20 MB used.
       Both:      8.93 MB used.

Virtual space:
  Non-class space:       64.00 MB reserved,       7.81 MB ( 12%) committed,  1 nodes.
      Class space:        1.00 GB reserved,       1.31 MB ( <1%) committed,  1 nodes.
             Both:        1.06 GB reserved,       9.12 MB ( <1%) committed. 

Chunk freelists:
   Non-Class:  7.95 MB
       Class:  14.66 MB
        Both:  22.61 MB

MaxMetaspaceSize: unlimited
CompressedClassSpaceSize: 1.00 GB
Initial GC threshold: 21.00 MB
Current GC threshold: 21.00 MB
CDS: on
MetaspaceReclaimPolicy: balanced
 - commit_granule_bytes: 65536.
 - commit_granule_words: 8192.
 - virtual_space_node_default_size: 8388608.
 - enlarge_chunks_in_place: 1.
 - new_chunks_are_fully_committed: 0.
 - uncommit_free_chunks: 1.
 - use_allocation_guard: 0.
 - handle_deallocations: 1.


Internal statistics:

num_allocs_failed_limit: 0.
num_arena_births: 74.
num_arena_deaths: 0.
num_vsnodes_births: 2.
num_vsnodes_deaths: 0.
num_space_committed: 146.
num_space_uncommitted: 0.
num_chunks_returned_to_freelist: 0.
num_chunks_taken_from_freelist: 324.
num_chunk_merges: 0.
num_chunk_splits: 215.
num_chunks_enlarged: 174.
num_inconsistent_stats: 0.

CodeHeap 'non-profiled nmethods': size=120000Kb used=696Kb max_used=696Kb free=119303Kb
 bounds [0x000002e8567d0000, 0x000002e856a40000, 0x000002e85dd00000]
CodeHeap 'profiled nmethods': size=120000Kb used=3004Kb max_used=3004Kb free=116995Kb
 bounds [0x000002e84ed00000, 0x000002e84eff0000, 0x000002e856230000]
CodeHeap 'non-nmethods': size=5760Kb used=1166Kb max_used=1185Kb free=4593Kb
 bounds [0x000002e856230000, 0x000002e8564a0000, 0x000002e8567d0000]
 total_blobs=2063 nmethods=1601 adapters=375
 compilation: enabled
              stopped_count=0, restarted_count=0
 full_count=0

Compilation events (20 events):
Event: 28.115 Thread 0x000002e86ad4eff0 nmethod 1595 0x000002e84efeb690 code [0x000002e84efeb840, 0x000002e84efebb28]
Event: 28.115 Thread 0x000002e86ad4eff0 1596       3       com.google.common.collect.EvictingQueue::add (48 bytes)
Event: 28.115 Thread 0x000002e86ad4eff0 nmethod 1596 0x000002e84efebc10 code [0x000002e84efebe20, 0x000002e84efec518]
Event: 28.115 Thread 0x000002e86ad4eff0 1597       3       com.google.common.collect.ForwardingCollection::size (10 bytes)
Event: 28.115 Thread 0x000002e86ad4eff0 nmethod 1597 0x000002e84efec710 code [0x000002e84efec8c0, 0x000002e84efecb08]
Event: 28.115 Thread 0x000002e86ad4eff0 1598       3       com.google.common.collect.EvictingQueue::delegate (5 bytes)
Event: 28.115 Thread 0x000002e86ad4eff0 nmethod 1598 0x000002e84efecc10 code [0x000002e84efecda0, 0x000002e84efeceb8]
Event: 28.115 Thread 0x000002e86ad4eff0 1599       3       java.util.ArrayDeque::removeFirst (19 bytes)
Event: 28.115 Thread 0x000002e86ad4eff0 nmethod 1599 0x000002e84efecf90 code [0x000002e84efed140, 0x000002e84efed398]
Event: 28.115 Thread 0x000002e86ad4eff0 1590       3       sun.nio.cs.UTF_8$Decoder::decodeLoop (28 bytes)
Event: 28.116 Thread 0x000002e86ad4e630 nmethod 1579 0x000002e85687cd10 code [0x000002e85687cec0, 0x000002e85687d5b8]
Event: 28.116 Thread 0x000002e86ad4e630 1586 % !   4       java.io.BufferedReader::readLine @ 139 (327 bytes)
Event: 28.116 Thread 0x000002e86ad4eff0 nmethod 1590 0x000002e84efed490 code [0x000002e84efed660, 0x000002e84efeda78]
Event: 28.116 Thread 0x000002e86ad4eff0 1600       3       java.util.ArrayDeque::remove (5 bytes)
Event: 28.116 Thread 0x000002e86ad4eff0 nmethod 1600 0x000002e84efedc10 code [0x000002e84efedde0, 0x000002e84efee098]
Event: 28.116 Thread 0x000002e86ad4eff0 1592       3       sun.nio.cs.UTF_8$Decoder::xflow (31 bytes)
Event: 28.116 Thread 0x000002e86ad4eff0 nmethod 1592 0x000002e84efee210 code [0x000002e84efee400, 0x000002e84efee958]
Event: 28.116 Thread 0x000002e86ad4eff0 1593       3       sun.nio.cs.UTF_8::updatePositions (23 bytes)
Event: 28.116 Thread 0x000002e86ad4eff0 nmethod 1593 0x000002e84efeeb10 code [0x000002e84efeece0, 0x000002e84efef118]
Event: 28.116 Thread 0x000002e86ad4eff0 1591       3       sun.nio.cs.UTF_8$Decoder::decodeArrayLoop (688 bytes)

GC Heap History (2 events):
Event: 0.438 GC heap before
{Heap before GC invocations=0 (full 0):
 garbage-first heap   total 260096K, used 20480K [0x0000000702c00000, 0x0000000800000000)
  region size 2048K, 11 young (22528K), 0 survivors (0K)
 Metaspace       used 1921K, committed 2048K, reserved 1114112K
  class space    used 171K, committed 192K, reserved 1048576K
}
Event: 0.440 GC heap after
{Heap after GC invocations=1 (full 0):
 garbage-first heap   total 260096K, used 2474K [0x0000000702c00000, 0x0000000800000000)
  region size 2048K, 2 young (4096K), 2 survivors (4096K)
 Metaspace       used 1921K, committed 2048K, reserved 1114112K
  class space    used 171K, committed 192K, reserved 1048576K
}

Deoptimization events (20 events):
Event: 1.167 Thread 0x000002e845e26cc0 Uncommon trap: trap_request=0xffffff45 fr.pc=0x000002e8568310e4 relative=0x00000000000006a4
Event: 1.167 Thread 0x000002e845e26cc0 Uncommon trap: reason=unstable_if action=reinterpret pc=0x000002e8568310e4 method=java.lang.AbstractStringBuilder.append(Ljava/lang/String;)Ljava/lang/AbstractStringBuilder; @ 1 c2
Event: 1.167 Thread 0x000002e845e26cc0 DEOPT PACKING pc=0x000002e8568310e4 sp=0x000000f00e5fcf60
Event: 1.167 Thread 0x000002e845e26cc0 DEOPT UNPACKING pc=0x000002e8562823a3 sp=0x000000f00e5fcf38 mode 2
Event: 1.178 Thread 0x000002e845e26cc0 Uncommon trap: trap_request=0xffffffde fr.pc=0x000002e856804d80 relative=0x0000000000000080
Event: 1.178 Thread 0x000002e845e26cc0 Uncommon trap: reason=class_check action=maybe_recompile pc=0x000002e856804d80 method=java.util.AbstractList$Itr.hasNext()Z @ 8 c2
Event: 1.178 Thread 0x000002e845e26cc0 DEOPT PACKING pc=0x000002e856804d80 sp=0x000000f00e5fc900
Event: 1.178 Thread 0x000002e845e26cc0 DEOPT UNPACKING pc=0x000002e8562823a3 sp=0x000000f00e5fc898 mode 2
Event: 1.206 Thread 0x000002e845e26cc0 Uncommon trap: trap_request=0xffffffde fr.pc=0x000002e856804d80 relative=0x0000000000000080
Event: 1.206 Thread 0x000002e845e26cc0 Uncommon trap: reason=class_check action=maybe_recompile pc=0x000002e856804d80 method=java.util.AbstractList$Itr.hasNext()Z @ 8 c2
Event: 1.206 Thread 0x000002e845e26cc0 DEOPT PACKING pc=0x000002e856804d80 sp=0x000000f00e5fc0a0
Event: 1.206 Thread 0x000002e845e26cc0 DEOPT UNPACKING pc=0x000002e8562823a3 sp=0x000000f00e5fc038 mode 2
Event: 1.229 Thread 0x000002e845e26cc0 Uncommon trap: trap_request=0xffffffde fr.pc=0x000002e856804d80 relative=0x0000000000000080
Event: 1.229 Thread 0x000002e845e26cc0 Uncommon trap: reason=class_check action=maybe_recompile pc=0x000002e856804d80 method=java.util.AbstractList$Itr.hasNext()Z @ 8 c2
Event: 1.229 Thread 0x000002e845e26cc0 DEOPT PACKING pc=0x000002e856804d80 sp=0x000000f00e5fd0d0
Event: 1.229 Thread 0x000002e845e26cc0 DEOPT UNPACKING pc=0x000002e8562823a3 sp=0x000000f00e5fd068 mode 2
Event: 28.102 Thread 0x000002e845e26cc0 Uncommon trap: trap_request=0xffffff45 fr.pc=0x000002e85687970c relative=0x000000000000016c
Event: 28.102 Thread 0x000002e845e26cc0 Uncommon trap: reason=unstable_if action=reinterpret pc=0x000002e85687970c method=com.esotericsoftware.kryo.io.Input.require(I)I @ 180 c2
Event: 28.102 Thread 0x000002e845e26cc0 DEOPT PACKING pc=0x000002e85687970c sp=0x000000f00e5fcfb0
Event: 28.102 Thread 0x000002e845e26cc0 DEOPT UNPACKING pc=0x000002e8562823a3 sp=0x000000f00e5fcf58 mode 2

Classes unloaded (0 events):
No events

Classes redefined (0 events):
No events

Internal exceptions (20 events):
Event: 0.769 Thread 0x000002e845e26cc0 Exception <a 'java/lang/NoSuchMethodError'{0x0000000711daf520}: 'void java.lang.invoke.DirectMethodHandle$Holder.invokeStatic(java.lang.Object, java.lang.Object)'> (0x0000000711daf520) 
thrown [s\open\src\hotspot\share\interpreter\linkResolver.cpp, line 759]
Event: 0.770 Thread 0x000002e845e26cc0 Implicit null exception at 0x000002e856831710 to 0x000002e856831cac
Event: 0.770 Thread 0x000002e845e26cc0 Implicit null exception at 0x000002e85681aa8f to 0x000002e85681b034
Event: 0.770 Thread 0x000002e845e26cc0 Implicit null exception at 0x000002e8567fce0f to 0x000002e8567fce89
Event: 0.783 Thread 0x000002e845e26cc0 Exception <a 'java/lang/NoClassDefFoundError'{0x0000000711a37540}: org/slf4j/impl/StaticMarkerBinder> (0x0000000711a37540) 
thrown [s\open\src\hotspot\share\classfile\systemDictionary.cpp, line 245]
Event: 0.792 Thread 0x000002e845e26cc0 Exception <a 'java/lang/NoSuchMethodError'{0x0000000711ae6858}: 'java.lang.Object java.lang.invoke.Invokers$Holder.invoker(java.lang.Object, java.lang.Object, java.lang.Object)'> (0x0000000711ae6858) 
thrown [s\open\src\hotspot\share\interpreter\linkResolver.cpp, line 759]
Event: 0.793 Thread 0x000002e845e26cc0 Exception <a 'java/lang/NoSuchMethodError'{0x0000000711aefa58}: 'java.lang.Object java.lang.invoke.DirectMethodHandle$Holder.invokeStatic(java.lang.Object, java.lang.Object, int)'> (0x0000000711aefa58) 
thrown [s\open\src\hotspot\share\interpreter\linkResolver.cpp, line 759]
Event: 0.794 Thread 0x000002e845e26cc0 Exception <a 'java/lang/NoSuchMethodError'{0x0000000711afb748}: 'void java.lang.invoke.DelegatingMethodHandle$Holder.delegate(java.lang.Object, java.lang.Object, int, java.lang.Object)'> (0x0000000711afb748) 
thrown [s\open\src\hotspot\share\interpreter\linkResolver.cpp, line 759]
Event: 0.796 Thread 0x000002e845e26cc0 Exception <a 'java/lang/NoSuchMethodError'{0x0000000711b0ed90}: 'java.lang.Object java.lang.invoke.Invokers$Holder.invokeExact_MT(java.lang.Object, java.lang.Object, java.lang.Object, java.lang.Object)'> (0x0000000711b0ed90) 
thrown [s\open\src\hotspot\share\interpreter\linkResolver.cpp, line 759]
Event: 0.802 Thread 0x000002e845e26cc0 Exception <a 'java/lang/NoSuchMethodError'{0x0000000711b39ae8}: 'java.lang.Object java.lang.invoke.DirectMethodHandle$Holder.invokeVirtual(java.lang.Object, java.lang.Object, java.lang.Object)'> (0x0000000711b39ae8) 
thrown [s\open\src\hotspot\share\interpreter\linkResolver.cpp, line 759]
Event: 0.867 Thread 0x000002e845e26cc0 Exception <a 'java/lang/NoSuchMethodError'{0x00000007116f9078}: 'java.lang.Object java.lang.invoke.DirectMethodHandle$Holder.newInvokeSpecial(java.lang.Object, java.lang.Object, java.lang.Object, java.lang.Object, java.lang.Object)'> (0x00000007116f9078) 
thrown [s\open\src\hotspot\share\interpreter\linkResolver.cpp, line 759]
Event: 0.888 Thread 0x000002e845e26cc0 Exception <a 'java/lang/NoSuchMethodError'{0x0000000711423788}: 'void java.lang.invoke.DirectMethodHandle$Holder.invokeSpecial(java.lang.Object, java.lang.Object, java.lang.Object)'> (0x0000000711423788) 
thrown [s\open\src\hotspot\share\interpreter\linkResolver.cpp, line 759]
Event: 0.955 Thread 0x000002e845e26cc0 Exception <a 'java/lang/NoSuchMethodError'{0x0000000710cf9e20}: 'java.lang.Object java.lang.invoke.DirectMethodHandle$Holder.invokeSpecialIFC(java.lang.Object, java.lang.Object, java.lang.Object, java.lang.Object)'> (0x0000000710cf9e20) 
thrown [s\open\src\hotspot\share\interpreter\linkResolver.cpp, line 759]
Event: 0.988 Thread 0x000002e845e26cc0 Exception <a 'java/lang/NoSuchMethodError'{0x0000000710b93be0}: 'java.lang.Object java.lang.invoke.DirectMethodHandle$Holder.invokeStaticInit(java.lang.Object, int, int, int, int)'> (0x0000000710b93be0) 
thrown [s\open\src\hotspot\share\interpreter\linkResolver.cpp, line 759]
Event: 1.029 Thread 0x000002e845e26cc0 Exception <a 'java/lang/NoSuchMethodError'{0x0000000710836110}: 'java.lang.Object java.lang.invoke.DirectMethodHandle$Holder.invokeStaticInit(java.lang.Object, java.lang.Object, int, int, int, int)'> (0x0000000710836110) 
thrown [s\open\src\hotspot\share\interpreter\linkResolver.cpp, line 759]
Event: 1.149 Thread 0x000002e845e26cc0 Exception <a 'java/lang/NoSuchMethodError'{0x0000000710861f88}: 'void java.lang.invoke.DirectMethodHandle$Holder.invokeStatic(java.lang.Object, java.lang.Object, java.lang.Object)'> (0x0000000710861f88) 
thrown [s\open\src\hotspot\share\interpreter\linkResolver.cpp, line 759]
Event: 1.165 Thread 0x000002e845e26cc0 Implicit null exception at 0x000002e85680fdf2 to 0x000002e85681044c
Event: 1.167 Thread 0x000002e845e26cc0 Implicit null exception at 0x000002e856830a72 to 0x000002e8568310cc
Event: 28.102 Thread 0x000002e845e26cc0 Exception <a 'sun/net/ConnectionResetException'{0x00000007107e5de8}: Connection reset> (0x00000007107e5de8) 
thrown [s\open\src\hotspot\share\prims\jni.cpp, line 535]
Event: 28.117 Thread 0x000002e845e26cc0 Exception <a 'java/lang/NoSuchMethodError'{0x00000007104612e0}: 'int java.lang.invoke.DirectMethodHandle$Holder.invokeVirtual(java.lang.Object, java.lang.Object)'> (0x00000007104612e0) 
thrown [s\open\src\hotspot\share\interpreter\linkResolver.cpp, line 759]

VM Operations (20 events):
Event: 1.226 Executing VM operation: ICBufferFull
Event: 1.226 Executing VM operation: ICBufferFull done
Event: 1.239 Executing VM operation: HandshakeAllThreads
Event: 1.239 Executing VM operation: HandshakeAllThreads done
Event: 2.254 Executing VM operation: Cleanup
Event: 2.254 Executing VM operation: Cleanup done
Event: 6.288 Executing VM operation: Cleanup
Event: 6.288 Executing VM operation: Cleanup done
Event: 9.318 Executing VM operation: Cleanup
Event: 9.318 Executing VM operation: Cleanup done
Event: 10.328 Executing VM operation: Cleanup
Event: 10.328 Executing VM operation: Cleanup done
Event: 12.341 Executing VM operation: Cleanup
Event: 12.341 Executing VM operation: Cleanup done
Event: 23.443 Executing VM operation: Cleanup
Event: 23.443 Executing VM operation: Cleanup done
Event: 25.456 Executing VM operation: Cleanup
Event: 25.456 Executing VM operation: Cleanup done
Event: 26.461 Executing VM operation: Cleanup
Event: 26.462 Executing VM operation: Cleanup done

Events (20 events):
Event: 28.104 loading class java/nio/file/FileChannelLinesSpliterator
Event: 28.105 loading class java/nio/file/FileChannelLinesSpliterator done
Event: 28.105 loading class sun/nio/fs/WindowsSecurityDescriptor
Event: 28.105 loading class sun/nio/fs/WindowsSecurityDescriptor done
Event: 28.105 loading class sun/nio/fs/WindowsChannelFactory
Event: 28.106 loading class sun/nio/fs/WindowsChannelFactory done
Event: 28.106 loading class sun/nio/fs/WindowsChannelFactory$1
Event: 28.106 loading class sun/nio/fs/WindowsChannelFactory$1 done
Event: 28.106 loading class sun/nio/fs/WindowsChannelFactory$Flags
Event: 28.107 loading class sun/nio/fs/WindowsChannelFactory$Flags done
Event: 28.107 loading class sun/nio/fs/WindowsChannelFactory$2
Event: 28.107 loading class sun/nio/fs/WindowsChannelFactory$2 done
Event: 28.107 loading class sun/nio/ch/FileChannelImpl$Closer
Event: 28.107 loading class sun/nio/ch/FileChannelImpl$Closer done
Event: 28.108 loading class java/util/stream/Streams$1
Event: 28.108 loading class java/util/stream/Streams$1 done
Event: 28.111 loading class java/nio/file/FileChannelLinesSpliterator$1
Event: 28.111 loading class java/nio/file/FileChannelLinesSpliterator$1 done
Event: 28.111 loading class java/nio/channels/Channels
Event: 28.112 loading class java/nio/channels/Channels done


Dynamic libraries:
0x00007ff72c5e0000 - 0x00007ff72c5f0000 	C:\Program Files\Java\jdk-17\bin\java.exe
0x00007ffc10960000 - 0x00007ffc10bc8000 	C:\WINDOWS\SYSTEM32\ntdll.dll
0x00007ffc0ea30000 - 0x00007ffc0eaf9000 	C:\WINDOWS\System32\KERNEL32.DLL
0x00007ffc0df90000 - 0x00007ffc0e388000 	C:\WINDOWS\System32\KERNELBASE.dll
0x00007ffc0dc60000 - 0x00007ffc0ddab000 	C:\WINDOWS\System32\ucrtbase.dll
0x00007ffbe6430000 - 0x00007ffbe6449000 	C:\Program Files\Java\jdk-17\bin\jli.dll
0x00007ffbe5ee0000 - 0x00007ffbe5efb000 	C:\Program Files\Java\jdk-17\bin\VCRUNTIME140.dll
0x00007ffc0fbe0000 - 0x00007ffc0fc94000 	C:\WINDOWS\System32\ADVAPI32.dll
0x00007ffc0f300000 - 0x00007ffc0f3a9000 	C:\WINDOWS\System32\msvcrt.dll
0x00007ffc0fa70000 - 0x00007ffc0fb16000 	C:\WINDOWS\System32\sechost.dll
0x00007ffc0f5b0000 - 0x00007ffc0f6c8000 	C:\WINDOWS\System32\RPCRT4.dll
0x00007ffc0e800000 - 0x00007ffc0e9c7000 	C:\WINDOWS\System32\USER32.dll
0x00007ffc0dab0000 - 0x00007ffc0dad7000 	C:\WINDOWS\System32\win32u.dll
0x00007ffbf2440000 - 0x00007ffbf26d4000 	C:\WINDOWS\WinSxS\amd64_microsoft.windows.common-controls_6595b64144ccf1df_6.0.26100.7019_none_3e06ffa0e335b8a8\COMCTL32.dll
0x00007ffc0e700000 - 0x00007ffc0e72b000 	C:\WINDOWS\System32\GDI32.dll
0x00007ffc0ddb0000 - 0x00007ffc0dedc000 	C:\WINDOWS\System32\gdi32full.dll
0x00007ffc0e390000 - 0x00007ffc0e433000 	C:\WINDOWS\System32\msvcp_win.dll
0x00007ffc08010000 - 0x00007ffc0801b000 	C:\WINDOWS\SYSTEM32\VERSION.dll
0x00007ffc0f290000 - 0x00007ffc0f2c1000 	C:\WINDOWS\System32\IMM32.DLL
0x00007ffbe7d30000 - 0x00007ffbe7d3c000 	C:\Program Files\Java\jdk-17\bin\vcruntime140_1.dll
0x00007ffba95c0000 - 0x00007ffba964e000 	C:\Program Files\Java\jdk-17\bin\msvcp140.dll
0x00007ffb34d80000 - 0x00007ffb35960000 	C:\Program Files\Java\jdk-17\bin\server\jvm.dll
0x00007ffc0fa60000 - 0x00007ffc0fa68000 	C:\WINDOWS\System32\PSAPI.DLL
0x00007ffc089f0000 - 0x00007ffc089fa000 	C:\WINDOWS\SYSTEM32\WSOCK32.dll
0x00007ffc0f420000 - 0x00007ffc0f494000 	C:\WINDOWS\System32\WS2_32.dll
0x00007ffbf5050000 - 0x00007ffbf5085000 	C:\WINDOWS\SYSTEM32\WINMM.dll
0x00007ffc0c990000 - 0x00007ffc0c9ab000 	C:\WINDOWS\SYSTEM32\kernel.appcore.dll
0x00007ffbe7690000 - 0x00007ffbe769a000 	C:\Program Files\Java\jdk-17\bin\jimage.dll
0x00007ffc01c70000 - 0x00007ffc01eb2000 	C:\WINDOWS\SYSTEM32\DBGHELP.DLL
0x00007ffc0f6d0000 - 0x00007ffc0fa5b000 	C:\WINDOWS\System32\combase.dll
0x00007ffc0f4d0000 - 0x00007ffc0f5a7000 	C:\WINDOWS\System32\OLEAUT32.dll
0x00007ffbe54a0000 - 0x00007ffbe54dc000 	C:\WINDOWS\SYSTEM32\dbgcore.DLL
0x00007ffc0dee0000 - 0x00007ffc0df85000 	C:\WINDOWS\System32\bcryptPrimitives.dll
0x00007ffbe2830000 - 0x00007ffbe2855000 	C:\Program Files\Java\jdk-17\bin\java.dll
0x00007ffba4710000 - 0x00007ffba47e7000 	C:\Program Files\Java\jdk-17\bin\jsvml.dll
0x00007ffc0fca0000 - 0x00007ffc103ef000 	C:\WINDOWS\System32\SHELL32.dll
0x00007ffc0e4d0000 - 0x00007ffc0e63b000 	C:\WINDOWS\System32\wintypes.dll
0x00007ffc0b730000 - 0x00007ffc0bf8d000 	C:\WINDOWS\SYSTEM32\windows.storage.dll
0x00007ffc0f010000 - 0x00007ffc0f102000 	C:\WINDOWS\System32\SHCORE.dll
0x00007ffc0f3b0000 - 0x00007ffc0f417000 	C:\WINDOWS\System32\shlwapi.dll
0x00007ffc0d9d0000 - 0x00007ffc0d9f9000 	C:\WINDOWS\SYSTEM32\profapi.dll
0x00007ffbe5830000 - 0x00007ffbe5849000 	C:\Program Files\Java\jdk-17\bin\net.dll
0x00007ffc07870000 - 0x00007ffc07998000 	C:\WINDOWS\SYSTEM32\WINHTTP.dll
0x00007ffc0cf00000 - 0x00007ffc0cf6b000 	C:\WINDOWS\system32\mswsock.dll
0x00007ffbe54e0000 - 0x00007ffbe54f6000 	C:\Program Files\Java\jdk-17\bin\nio.dll
0x00007ffbdfb10000 - 0x00007ffbdfb28000 	C:\Program Files\Java\jdk-17\bin\zip.dll
0x00007ffbe64c0000 - 0x00007ffbe64d0000 	C:\Program Files\Java\jdk-17\bin\verify.dll
0x00007ffbe60c0000 - 0x00007ffbe60ca000 	C:\Program Files\Java\jdk-17\bin\management.dll
0x00007ffbe4c60000 - 0x00007ffbe4c6b000 	C:\Program Files\Java\jdk-17\bin\management_ext.dll
0x00007ffbdfaa0000 - 0x00007ffbdfac7000 	C:\Users\MSI GF65\.gradle\native\1def1411415f61bf3af743bc5b6707747c0891f09f0c88961ee8f79bc544acac\windows-amd64\native-platform.dll
0x00007ffc0d1c0000 - 0x00007ffc0d1db000 	C:\WINDOWS\SYSTEM32\CRYPTSP.dll
0x00007ffc0c8f0000 - 0x00007ffc0c92a000 	C:\WINDOWS\system32\rsaenh.dll
0x00007ffc0cfb0000 - 0x00007ffc0cfdb000 	C:\WINDOWS\SYSTEM32\USERENV.dll
0x00007ffc0d9a0000 - 0x00007ffc0d9ca000 	C:\WINDOWS\SYSTEM32\bcrypt.dll
0x00007ffc0d1e0000 - 0x00007ffc0d1ec000 	C:\WINDOWS\SYSTEM32\CRYPTBASE.dll
0x00007ffc0c310000 - 0x00007ffc0c344000 	C:\WINDOWS\SYSTEM32\IPHLPAPI.DLL
0x00007ffc0f280000 - 0x00007ffc0f28a000 	C:\WINDOWS\System32\NSI.dll
0x00007ffc07840000 - 0x00007ffc0785e000 	C:\WINDOWS\SYSTEM32\dhcpcsvc6.DLL
0x00007ffc07810000 - 0x00007ffc07833000 	C:\WINDOWS\SYSTEM32\dhcpcsvc.DLL
0x00007ffc0c3a0000 - 0x00007ffc0c4cc000 	C:\WINDOWS\SYSTEM32\DNSAPI.dll
0x00007ffbe1650000 - 0x00007ffbe165e000 	C:\Program Files\Java\jdk-17\bin\sunmscapi.dll
0x00007ffc0dae0000 - 0x00007ffc0dc57000 	C:\WINDOWS\System32\CRYPT32.dll
0x00007ffc0d3e0000 - 0x00007ffc0d410000 	C:\WINDOWS\SYSTEM32\ncrypt.dll
0x00007ffc0d390000 - 0x00007ffc0d3cf000 	C:\WINDOWS\SYSTEM32\NTASN1.dll
0x00007ffbdcc50000 - 0x00007ffbdcc58000 	C:\WINDOWS\system32\wshunix.dll

dbghelp: loaded successfully - version: 4.0.5 - missing functions: none
symbol engine: initialized successfully - sym options: 0x614 - pdb path: .;C:\Program Files\Java\jdk-17\bin;C:\WINDOWS\SYSTEM32;C:\WINDOWS\WinSxS\amd64_microsoft.windows.common-controls_6595b64144ccf1df_6.0.26100.7019_none_3e06ffa0e335b8a8;C:\Program Files\Java\jdk-17\bin\server;C:\Users\MSI GF65\.gradle\native\1def1411415f61bf3af743bc5b6707747c0891f09f0c88961ee8f79bc544acac\windows-amd64

VM Arguments:
jvm_args: -Dorg.gradle.appname=gradlew 
java_command: org.gradle.wrapper.GradleWrapperMain -q -Ptarget-platform=android-x64 -Ptarget=F:\Best-Flutter-UI-Templates-master\Best-Flutter-UI-Templates-master\dashboard\lib\main.dart -Pbase-application-name=android.app.Application -Pdart-defines=Zmx1dHRlci5pbnNwZWN0b3Iuc3RydWN0dXJlZEVycm9ycz10cnVl,RkxVVFRFUl9WRVJTSU9OPTMuMzguMw==,RkxVVFRFUl9DSEFOTkVMPXN0YWJsZQ==,RkxVVFRFUl9HSVRfVVJMPWh0dHBzOi8vZ2l0aHViLmNvbS9mbHV0dGVyL2ZsdXR0ZXIuZ2l0,RkxVVFRFUl9GUkFNRVdPUktfUkVWSVNJT049MTkwNzRkMTJmNw==,RkxVVFRFUl9FTkdJTkVfUkVWSVNJT049MTNlNjU4NzI1ZA==,RkxVVFRFUl9EQVJUX1ZFUlNJT049My4xMC4x -Pdart-obfuscation=false -Ptrack-widget-creation=true -Ptree-shake-icons=false -Pfilesystem-scheme=org-dartlang-root assembleDebug
java_class_path (initial): F:\Best-Flutter-UI-Templates-master\Best-Flutter-UI-Templates-master\dashboard\android\\gradle\wrapper\gradle-wrapper.jar
Launcher Type: SUN_STANDARD

[Global flags]
     intx CICompilerCount                          = 4                                         {product} {ergonomic}
     uint ConcGCThreads                            = 3                                         {product} {ergonomic}
     uint G1ConcRefinementThreads                  = 10                                        {product} {ergonomic}
   size_t G1HeapRegionSize                         = 2097152                                   {product} {ergonomic}
    uintx GCDrainStackTargetSize                   = 64                                        {product} {ergonomic}
   size_t InitialHeapSize                          = 266338304                                 {product} {ergonomic}
   size_t MarkStackSize                            = 4194304                                   {product} {ergonomic}
   size_t MaxHeapSize                              = 4248829952                                {product} {ergonomic}
   size_t MaxNewSize                               = 2548039680                                {product} {ergonomic}
   size_t MinHeapDeltaBytes                        = 2097152                                   {product} {ergonomic}
   size_t MinHeapSize                              = 8388608                                   {product} {ergonomic}
    uintx NonNMethodCodeHeapSize                   = 5839372                                {pd product} {ergonomic}
    uintx NonProfiledCodeHeapSize                  = 122909434                              {pd product} {ergonomic}
    uintx ProfiledCodeHeapSize                     = 122909434                              {pd product} {ergonomic}
    uintx ReservedCodeCacheSize                    = 251658240                              {pd product} {ergonomic}
     bool SegmentedCodeCache                       = true                                      {product} {ergonomic}
   size_t SoftMaxHeapSize                          = 4248829952                             {manageable} {ergonomic}
     bool UseCompressedClassPointers               = true                           {product lp64_product} {ergonomic}
     bool UseCompressedOops                        = true                           {product lp64_product} {ergonomic}
     bool UseG1GC                                  = true                                      {product} {ergonomic}
     bool UseLargePagesIndividualAllocation        = false                                  {pd product} {ergonomic}

Logging:
Log output configuration:
 #0: stdout all=warning uptime,level,tags
 #1: stderr all=off uptime,level,tags

Environment Variables:
JAVA_HOME=C:\Program Files\Java\jdk-17
CLASSPATH=F:\Best-Flutter-UI-Templates-master\Best-Flutter-UI-Templates-master\dashboard\android\\gradle\wrapper\gradle-wrapper.jar
PATH=C:\Program Files\Java\jdk-17\bin;C:\Program Files\Common Files\Oracle\Java\javapath;C:\WINDOWS\system32;C:\WINDOWS;C:\WINDOWS\System32\Wbem;C:\WINDOWS\System32\WindowsPowerShell\v1.0\;C:\WINDOWS\System32\OpenSSH\;C:\Program Files (x86)\Windows Kits\10\Windows Performance Toolkit\;C:\Program Files\dotnet\;C:\Program Files (x86)\Microsoft SQL Server\160\Tools\Binn\;C:\Program Files\Microsoft SQL Server\160\Tools\Binn\;C:\Program Files\Microsoft SQL Server\Client SDK\ODBC\170\Tools\Binn\;C:\Program Files\Microsoft SQL Server\160\DTS\Binn\;C:\Program Files (x86)\Microsoft SQL Server\160\DTS\Binn\;C:\Program Files\Cloudflare\Cloudflare WARP\;C:\Program Files\PuTTY\;C:\Program Files\nodejs\;C:\Program Files\Git\cmd;C:\Program Files\Java\jdk-17\bin;C:\Program Files\Common Files\Oracle\Java\javapath;C:\WINDOWS\system32;C:\WINDOWS;C:\WINDOWS\System32\Wbem;C:\WINDOWS\System32\WindowsPowerShell\v1.0\;C:\WINDOWS\System32\OpenSSH\;C:\Program Files (x86)\Windows Kits\10\Windows Performance Toolkit\;C:\Program Files\dotnet\;C:\Program Files (x86)\Microsoft SQL Server\160\Tools\Binn\;C:\Program Files\Microsoft SQL Server\160\Tools\Binn\;C:\Program Files\Microsoft SQL Server\Client SDK\ODBC\170\Tools\Binn\;C:\Program Files\Microsoft SQL Server\160\DTS\Binn\;C:\Program Files (x86)\Microsoft SQL Server\160\DTS\Binn\;C:\Program Files\Cloudflare\Cloudflare WARP\;C:\Program Files\PuTTY\;C:\Program Files\nodejs\;C:\Program Files\Git\cmd;C:\Program Files\Java\jdk-17\bin;C:\Users\MSI GF65\AppData\Local\Microsoft\WindowsApps;C:\Users\MSI GF65\.dotnet\tools;C:\Users\MSI GF65\AppData\Roaming\npm;F:\Microsoft VS Code\bin;F:\flutter_windows_3.35.7-stable\flutter\bin;C:\Users\MSI GF65\AppData\Local\Pub\Cache\bin;F:\flutter\bin;;F:\flutter_windows_3.38.3-stable\flutter\bin\mingit\cmd
USERNAME=MSI GF65
OS=Windows_NT
PROCESSOR_IDENTIFIER=Intel64 Family 6 Model 165 Stepping 2, GenuineIntel



---------------  S Y S T E M  ---------------

OS:
 Windows 11 , 64 bit Build 26100 (10.0.26100.7019)
OS uptime: 4 days 2:46 hours

CPU: total 12 (initial active 12) (6 cores per cpu, 2 threads per core) family 6 model 165 stepping 2 microcode 0xe2, cx8, cmov, fxsr, ht, mmx, 3dnowpref, sse, sse2, sse3, ssse3, sse4.1, sse4.2, popcnt, lzcnt, tsc, tscinvbit, avx, avx2, aes, erms, clmul, bmi1, bmi2, adx, fma, vzeroupper, clflush, clflushopt

Memory: 4k page, system-wide physical 16205M (949M free)
TotalPageFile size 28217M (AvailPageFile size 1M)
current process WorkingSet (physical memory assigned to process): 102M, peak: 111M
current process commit charge ("private bytes"): 369M, peak: 379M

vm_info: Java HotSpot(TM) 64-Bit Server VM (17.0.12+8-LTS-286) for windows-amd64 JRE (17.0.12+8-LTS-286), built on Jun  5 2024 06:46:59 by "mach5one" with MS VC++ 17.6 (VS2022)

END.
