#
# There is insufficient memory for the Java Runtime Environment to continue.
# Native memory allocation (malloc) failed to allocate 32784 bytes for Chunk::new
# Possible reasons:
#   The system is out of physical RAM or swap space
#   The process is running with CompressedOops enabled, and the Java Heap may be blocking the growth of the native heap
# Possible solutions:
#   Reduce memory load on the system
#   Increase physical memory or swap space
#   Check if swap backing store is full
#   Decrease Java heap size (-Xmx/-Xms)
#   Decrease number of Java threads
#   Decrease Java thread stack sizes (-Xss)
#   Set larger code cache with -XX:ReservedCodeCacheSize=
#   JVM is running with Zero Based Compressed Oops mode in which the Java heap is
#     placed in the first 32GB address space. The Java Heap base address is the
#     maximum limit for the native heap growth. Please use -XX:HeapBaseMinAddress
#     to set the Java Heap base and to place the Java Heap above 32GB virtual address.
# This output file may be truncated or incomplete.
#
#  Out of Memory Error (arena.cpp:189), pid=22992, tid=11652
#
# JRE version: Java(TM) SE Runtime Environment (17.0.12+8) (build 17.0.12+8-LTS-286)
# Java VM: Java HotSpot(TM) 64-Bit Server VM (17.0.12+8-LTS-286, mixed mode, sharing, tiered, compressed oops, compressed class ptrs, g1 gc, windows-amd64)
# No core dump will be written. Minidumps are not enabled by default on client versions of Windows
#

---------------  S U M M A R Y ------------

Command Line: -Dorg.gradle.appname=gradlew org.gradle.wrapper.GradleWrapperMain -q -Ptarget-platform=android-x64 -Ptarget=F:\Best-Flutter-UI-Templates-master\Best-Flutter-UI-Templates-master\dashboard\lib\main.dart -Pbase-application-name=android.app.Application -Pdart-defines=Zmx1dHRlci5pbnNwZWN0b3Iuc3RydWN0dXJlZEVycm9ycz10cnVl,RkxVVFRFUl9WRVJTSU9OPTMuMzguMw==,RkxVVFRFUl9DSEFOTkVMPXN0YWJsZQ==,RkxVVFRFUl9HSVRfVVJMPWh0dHBzOi8vZ2l0aHViLmNvbS9mbHV0dGVyL2ZsdXR0ZXIuZ2l0,RkxVVFRFUl9GUkFNRVdPUktfUkVWSVNJT049MTkwNzRkMTJmNw==,RkxVVFRFUl9FTkdJTkVfUkVWSVNJT049MTNlNjU4NzI1ZA==,RkxVVFRFUl9EQVJUX1ZFUlNJT049My4xMC4x -Pdart-obfuscation=false -Ptrack-widget-creation=true -Ptree-shake-icons=false -Pfilesystem-scheme=org-dartlang-root assembleDebug

Host: Intel(R) Core(TM) i7-10750H CPU @ 2.60GHz, 12 cores, 15G,  Windows 11 , 64 bit Build 26100 (10.0.26100.7019)
Time: Mon Dec  1 19:14:05 2025 SE Asia Standard Time elapsed time: 0.679364 seconds (0d 0h 0m 0s)

---------------  T H R E A D  ---------------

Current thread (0x000001caaa5addd0):  JavaThread "C2 CompilerThread1" daemon [_thread_in_native, id=11652, stack(0x00000014d9900000,0x00000014d9a00000)]


Current CompileTask:
C2:    679  716   !   4       java.util.zip.ZipFile$Source::checkAndAddEntry (262 bytes)

Stack: [0x00000014d9900000,0x00000014d9a00000]
Native frames: (J=compiled Java code, j=interpreted, Vv=VM code, C=native code)
V  [jvm.dll+0x67a04a]
V  [jvm.dll+0x7da4ed]
V  [jvm.dll+0x7dbe33]
V  [jvm.dll+0x7dc4a3]
V  [jvm.dll+0x24508f]
V  [jvm.dll+0xab773]
V  [jvm.dll+0xabd3c]
V  [jvm.dll+0xab884]
V  [jvm.dll+0x658e4c]
V  [jvm.dll+0x581add]
V  [jvm.dll+0x21f422]
V  [jvm.dll+0x21811b]
V  [jvm.dll+0x215b65]
V  [jvm.dll+0x1a2960]
V  [jvm.dll+0x22610b]
V  [jvm.dll+0x2242ab]
V  [jvm.dll+0x79075c]
V  [jvm.dll+0x78abea]
V  [jvm.dll+0x678f35]
C  [ucrtbase.dll+0x37b0]
C  [KERNEL32.DLL+0x2e8d7]
C  [ntdll.dll+0x8c53c]


---------------  P R O C E S S  ---------------

Threads class SMR info:
_java_thread_list=0x000001caaa586790, length=14, elements={
0x000001ca871041b0, 0x000001caaa23d1c0, 0x000001caaa23dc90, 0x000001caaa256030,
0x000001caaa256900, 0x000001caaa2571d0, 0x000001caaa257aa0, 0x000001caaa2586a0,
0x000001caaa260fc0, 0x000001caaa2648f0, 0x000001caaa3cc5a0, 0x000001caaa3d5710,
0x000001caaa5addd0, 0x000001caaa5ae490
}

Java Threads: ( => current thread )
  0x000001ca871041b0 JavaThread "main" [_thread_in_vm, id=7620, stack(0x00000014d8600000,0x00000014d8700000)]
  0x000001caaa23d1c0 JavaThread "Reference Handler" daemon [_thread_blocked, id=15444, stack(0x00000014d8d00000,0x00000014d8e00000)]
  0x000001caaa23dc90 JavaThread "Finalizer" daemon [_thread_blocked, id=15584, stack(0x00000014d8e00000,0x00000014d8f00000)]
  0x000001caaa256030 JavaThread "Signal Dispatcher" daemon [_thread_blocked, id=17492, stack(0x00000014d8f00000,0x00000014d9000000)]
  0x000001caaa256900 JavaThread "Attach Listener" daemon [_thread_blocked, id=20624, stack(0x00000014d9000000,0x00000014d9100000)]
  0x000001caaa2571d0 JavaThread "Service Thread" daemon [_thread_blocked, id=7448, stack(0x00000014d9100000,0x00000014d9200000)]
  0x000001caaa257aa0 JavaThread "Monitor Deflation Thread" daemon [_thread_blocked, id=23292, stack(0x00000014d9200000,0x00000014d9300000)]
  0x000001caaa2586a0 JavaThread "C2 CompilerThread0" daemon [_thread_in_native, id=13172, stack(0x00000014d9300000,0x00000014d9400000)]
  0x000001caaa260fc0 JavaThread "C1 CompilerThread0" daemon [_thread_in_vm, id=22868, stack(0x00000014d9400000,0x00000014d9500000)]
  0x000001caaa2648f0 JavaThread "Sweeper thread" daemon [_thread_blocked, id=22916, stack(0x00000014d9500000,0x00000014d9600000)]
  0x000001caaa3cc5a0 JavaThread "Notification Thread" daemon [_thread_blocked, id=12276, stack(0x00000014d9600000,0x00000014d9700000)]
  0x000001caaa3d5710 JavaThread "Common-Cleaner" daemon [_thread_blocked, id=22056, stack(0x00000014d9800000,0x00000014d9900000)]
=>0x000001caaa5addd0 JavaThread "C2 CompilerThread1" daemon [_thread_in_native, id=11652, stack(0x00000014d9900000,0x00000014d9a00000)]
  0x000001caaa5ae490 JavaThread "C2 CompilerThread2" daemon [_thread_in_native, id=10068, stack(0x00000014d9a00000,0x00000014d9b00000)]

Other Threads:
  0x000001caaa239810 VMThread "VM Thread" [stack: 0x00000014d8c00000,0x00000014d8d00000] [id=18524]
  0x000001caaa3d0ea0 WatcherThread [stack: 0x00000014d9700000,0x00000014d9800000] [id=16020]
  0x000001ca87172bf0 GCTaskThread "GC Thread#0" [stack: 0x00000014d8700000,0x00000014d8800000] [id=23320]
  0x000001caaa9eea00 GCTaskThread "GC Thread#1" [stack: 0x00000014d9b00000,0x00000014d9c00000] [id=19652]
  0x000001caaa625b00 GCTaskThread "GC Thread#2" [stack: 0x00000014d9c00000,0x00000014d9d00000] [id=2652]
  0x000001caaabd1fc0 GCTaskThread "GC Thread#3" [stack: 0x00000014d9d00000,0x00000014d9e00000] [id=16340]
  0x000001caaabc0c00 GCTaskThread "GC Thread#4" [stack: 0x00000014d9e00000,0x00000014d9f00000] [id=10080]
  0x000001caaa622f20 GCTaskThread "GC Thread#5" [stack: 0x00000014d9f00000,0x00000014da000000] [id=19536]
  0x000001ca87184460 ConcurrentGCThread "G1 Main Marker" [stack: 0x00000014d8800000,0x00000014d8900000] [id=23288]
  0x000001ca87184d80 ConcurrentGCThread "G1 Conc#0" [stack: 0x00000014d8900000,0x00000014d8a00000] [id=14488]
  0x000001ca871c0530 ConcurrentGCThread "G1 Refine#0" [stack: 0x00000014d8a00000,0x00000014d8b00000] [id=21880]
  0x000001ca871c1d20 ConcurrentGCThread "G1 Service" [stack: 0x00000014d8b00000,0x00000014d8c00000] [id=23296]

Threads with active compile tasks:
C2 CompilerThread0      702  723 %     4       java.io.WinNTFileSystem::normalize @ 58 (224 bytes)
C1 CompilerThread0      702  721       3       java.util.WeakHashMap::<init> (133 bytes)
C2 CompilerThread1      702  716   !   4       java.util.zip.ZipFile$Source::checkAndAddEntry (262 bytes)
C2 CompilerThread2      702  718 %     4       java.util.zip.ZipFile$Source::initCEN @ 240 (591 bytes)

VM state: not at safepoint (normal execution)

VM Mutex/Monitor currently owned by a thread:  ([mutex/lock_event])
[0x000001ca84d7e8d0] Metaspace_lock - owner thread: 0x000001caaa260fc0
[0x000001ca871024c0] MethodData_lock - owner thread: 0x000001caaa260fc0

Heap address: 0x0000000702c00000, size: 4052 MB, Compressed Oops mode: Zero based, Oop shift amount: 3

CDS archive(s) mapped at: [0x000001caab000000-0x000001caabbd0000-0x000001caabbd0000), size 12386304, SharedBaseAddress: 0x000001caab000000, ArchiveRelocationMode: 1.
Compressed class space mapped at: 0x000001caac000000-0x000001caec000000, reserved size: 1073741824
Narrow klass base: 0x000001caab000000, Narrow klass shift: 0, Narrow klass range: 0x100000000

GC Precious Log:
 CPUs: 12 total, 12 available
 Memory: 16205M
 Large Page Support: Disabled
 NUMA Support: Disabled
 Compressed Oops: Enabled (Zero based)
 Heap Region Size: 2M
 Heap Min Capacity: 8M
 Heap Initial Capacity: 254M
 Heap Max Capacity: 4052M
 Pre-touch: Disabled
 Parallel Workers: 10
 Concurrent Workers: 3
 Concurrent Refinement Workers: 10
 Periodic GC: Disabled

Heap:
 garbage-first heap   total 260096K, used 10773K [0x0000000702c00000, 0x0000000800000000)
  region size 2048K, 5 young (10240K), 2 survivors (4096K)
 Metaspace       used 2017K, committed 2048K, reserved 1114112K
  class space    used 171K, committed 192K, reserved 1048576K

Heap Regions: E=young(eden), S=young(survivor), O=old, HS=humongous(starts), HC=humongous(continues), CS=collection set, F=free, OA=open archive, CA=closed archive, TAMS=top-at-mark-start (previous, next)
|   0|0x0000000702c00000, 0x0000000702e00000, 0x0000000702e00000|100%|HS|  |TAMS 0x0000000702c00000, 0x0000000702c00000| Complete 
|   1|0x0000000702e00000, 0x0000000703000000, 0x0000000703000000|100%|HC|  |TAMS 0x0000000702e00000, 0x0000000702e00000| Complete 
|   2|0x0000000703000000, 0x0000000703000000, 0x0000000703200000|  0%| F|  |TAMS 0x0000000703000000, 0x0000000703000000| Untracked 
|   3|0x0000000703200000, 0x0000000703200000, 0x0000000703400000|  0%| F|  |TAMS 0x0000000703200000, 0x0000000703200000| Untracked 
|   4|0x0000000703400000, 0x0000000703400000, 0x0000000703600000|  0%| F|  |TAMS 0x0000000703400000, 0x0000000703400000| Untracked 
|   5|0x0000000703600000, 0x0000000703600000, 0x0000000703800000|  0%| F|  |TAMS 0x0000000703600000, 0x0000000703600000| Untracked 
|   6|0x0000000703800000, 0x0000000703800000, 0x0000000703a00000|  0%| F|  |TAMS 0x0000000703800000, 0x0000000703800000| Untracked 
|   7|0x0000000703a00000, 0x0000000703a00000, 0x0000000703c00000|  0%| F|  |TAMS 0x0000000703a00000, 0x0000000703a00000| Untracked 
|   8|0x0000000703c00000, 0x0000000703c00000, 0x0000000703e00000|  0%| F|  |TAMS 0x0000000703c00000, 0x0000000703c00000| Untracked 
|   9|0x0000000703e00000, 0x0000000703e00000, 0x0000000704000000|  0%| F|  |TAMS 0x0000000703e00000, 0x0000000703e00000| Untracked 
|  10|0x0000000704000000, 0x0000000704000000, 0x0000000704200000|  0%| F|  |TAMS 0x0000000704000000, 0x0000000704000000| Untracked 
|  11|0x0000000704200000, 0x0000000704200000, 0x0000000704400000|  0%| F|  |TAMS 0x0000000704200000, 0x0000000704200000| Untracked 
|  12|0x0000000704400000, 0x0000000704400000, 0x0000000704600000|  0%| F|  |TAMS 0x0000000704400000, 0x0000000704400000| Untracked 
|  13|0x0000000704600000, 0x0000000704600000, 0x0000000704800000|  0%| F|  |TAMS 0x0000000704600000, 0x0000000704600000| Untracked 
|  14|0x0000000704800000, 0x0000000704800000, 0x0000000704a00000|  0%| F|  |TAMS 0x0000000704800000, 0x0000000704800000| Untracked 
|  15|0x0000000704a00000, 0x0000000704a00000, 0x0000000704c00000|  0%| F|  |TAMS 0x0000000704a00000, 0x0000000704a00000| Untracked 
|  16|0x0000000704c00000, 0x0000000704c00000, 0x0000000704e00000|  0%| F|  |TAMS 0x0000000704c00000, 0x0000000704c00000| Untracked 
|  17|0x0000000704e00000, 0x0000000704e00000, 0x0000000705000000|  0%| F|  |TAMS 0x0000000704e00000, 0x0000000704e00000| Untracked 
|  18|0x0000000705000000, 0x0000000705000000, 0x0000000705200000|  0%| F|  |TAMS 0x0000000705000000, 0x0000000705000000| Untracked 
|  19|0x0000000705200000, 0x0000000705200000, 0x0000000705400000|  0%| F|  |TAMS 0x0000000705200000, 0x0000000705200000| Untracked 
|  20|0x0000000705400000, 0x0000000705400000, 0x0000000705600000|  0%| F|  |TAMS 0x0000000705400000, 0x0000000705400000| Untracked 
|  21|0x0000000705600000, 0x0000000705600000, 0x0000000705800000|  0%| F|  |TAMS 0x0000000705600000, 0x0000000705600000| Untracked 
|  22|0x0000000705800000, 0x0000000705800000, 0x0000000705a00000|  0%| F|  |TAMS 0x0000000705800000, 0x0000000705800000| Untracked 
|  23|0x0000000705a00000, 0x0000000705a00000, 0x0000000705c00000|  0%| F|  |TAMS 0x0000000705a00000, 0x0000000705a00000| Untracked 
|  24|0x0000000705c00000, 0x0000000705c00000, 0x0000000705e00000|  0%| F|  |TAMS 0x0000000705c00000, 0x0000000705c00000| Untracked 
|  25|0x0000000705e00000, 0x0000000705e00000, 0x0000000706000000|  0%| F|  |TAMS 0x0000000705e00000, 0x0000000705e00000| Untracked 
|  26|0x0000000706000000, 0x0000000706000000, 0x0000000706200000|  0%| F|  |TAMS 0x0000000706000000, 0x0000000706000000| Untracked 
|  27|0x0000000706200000, 0x0000000706200000, 0x0000000706400000|  0%| F|  |TAMS 0x0000000706200000, 0x0000000706200000| Untracked 
|  28|0x0000000706400000, 0x0000000706400000, 0x0000000706600000|  0%| F|  |TAMS 0x0000000706400000, 0x0000000706400000| Untracked 
|  29|0x0000000706600000, 0x0000000706600000, 0x0000000706800000|  0%| F|  |TAMS 0x0000000706600000, 0x0000000706600000| Untracked 
|  30|0x0000000706800000, 0x0000000706800000, 0x0000000706a00000|  0%| F|  |TAMS 0x0000000706800000, 0x0000000706800000| Untracked 
|  31|0x0000000706a00000, 0x0000000706a00000, 0x0000000706c00000|  0%| F|  |TAMS 0x0000000706a00000, 0x0000000706a00000| Untracked 
|  32|0x0000000706c00000, 0x0000000706c00000, 0x0000000706e00000|  0%| F|  |TAMS 0x0000000706c00000, 0x0000000706c00000| Untracked 
|  33|0x0000000706e00000, 0x0000000706e00000, 0x0000000707000000|  0%| F|  |TAMS 0x0000000706e00000, 0x0000000706e00000| Untracked 
|  34|0x0000000707000000, 0x0000000707000000, 0x0000000707200000|  0%| F|  |TAMS 0x0000000707000000, 0x0000000707000000| Untracked 
|  35|0x0000000707200000, 0x0000000707200000, 0x0000000707400000|  0%| F|  |TAMS 0x0000000707200000, 0x0000000707200000| Untracked 
|  36|0x0000000707400000, 0x0000000707400000, 0x0000000707600000|  0%| F|  |TAMS 0x0000000707400000, 0x0000000707400000| Untracked 
|  37|0x0000000707600000, 0x0000000707600000, 0x0000000707800000|  0%| F|  |TAMS 0x0000000707600000, 0x0000000707600000| Untracked 
|  38|0x0000000707800000, 0x0000000707800000, 0x0000000707a00000|  0%| F|  |TAMS 0x0000000707800000, 0x0000000707800000| Untracked 
|  39|0x0000000707a00000, 0x0000000707a00000, 0x0000000707c00000|  0%| F|  |TAMS 0x0000000707a00000, 0x0000000707a00000| Untracked 
|  40|0x0000000707c00000, 0x0000000707c00000, 0x0000000707e00000|  0%| F|  |TAMS 0x0000000707c00000, 0x0000000707c00000| Untracked 
|  41|0x0000000707e00000, 0x0000000707e00000, 0x0000000708000000|  0%| F|  |TAMS 0x0000000707e00000, 0x0000000707e00000| Untracked 
|  42|0x0000000708000000, 0x0000000708000000, 0x0000000708200000|  0%| F|  |TAMS 0x0000000708000000, 0x0000000708000000| Untracked 
|  43|0x0000000708200000, 0x0000000708200000, 0x0000000708400000|  0%| F|  |TAMS 0x0000000708200000, 0x0000000708200000| Untracked 
|  44|0x0000000708400000, 0x0000000708400000, 0x0000000708600000|  0%| F|  |TAMS 0x0000000708400000, 0x0000000708400000| Untracked 
|  45|0x0000000708600000, 0x0000000708600000, 0x0000000708800000|  0%| F|  |TAMS 0x0000000708600000, 0x0000000708600000| Untracked 
|  46|0x0000000708800000, 0x0000000708800000, 0x0000000708a00000|  0%| F|  |TAMS 0x0000000708800000, 0x0000000708800000| Untracked 
|  47|0x0000000708a00000, 0x0000000708a00000, 0x0000000708c00000|  0%| F|  |TAMS 0x0000000708a00000, 0x0000000708a00000| Untracked 
|  48|0x0000000708c00000, 0x0000000708c00000, 0x0000000708e00000|  0%| F|  |TAMS 0x0000000708c00000, 0x0000000708c00000| Untracked 
|  49|0x0000000708e00000, 0x0000000708e00000, 0x0000000709000000|  0%| F|  |TAMS 0x0000000708e00000, 0x0000000708e00000| Untracked 
|  50|0x0000000709000000, 0x0000000709000000, 0x0000000709200000|  0%| F|  |TAMS 0x0000000709000000, 0x0000000709000000| Untracked 
|  51|0x0000000709200000, 0x0000000709200000, 0x0000000709400000|  0%| F|  |TAMS 0x0000000709200000, 0x0000000709200000| Untracked 
|  52|0x0000000709400000, 0x0000000709400000, 0x0000000709600000|  0%| F|  |TAMS 0x0000000709400000, 0x0000000709400000| Untracked 
|  53|0x0000000709600000, 0x0000000709600000, 0x0000000709800000|  0%| F|  |TAMS 0x0000000709600000, 0x0000000709600000| Untracked 
|  54|0x0000000709800000, 0x0000000709800000, 0x0000000709a00000|  0%| F|  |TAMS 0x0000000709800000, 0x0000000709800000| Untracked 
|  55|0x0000000709a00000, 0x0000000709a00000, 0x0000000709c00000|  0%| F|  |TAMS 0x0000000709a00000, 0x0000000709a00000| Untracked 
|  56|0x0000000709c00000, 0x0000000709c00000, 0x0000000709e00000|  0%| F|  |TAMS 0x0000000709c00000, 0x0000000709c00000| Untracked 
|  57|0x0000000709e00000, 0x0000000709e00000, 0x000000070a000000|  0%| F|  |TAMS 0x0000000709e00000, 0x0000000709e00000| Untracked 
|  58|0x000000070a000000, 0x000000070a000000, 0x000000070a200000|  0%| F|  |TAMS 0x000000070a000000, 0x000000070a000000| Untracked 
|  59|0x000000070a200000, 0x000000070a200000, 0x000000070a400000|  0%| F|  |TAMS 0x000000070a200000, 0x000000070a200000| Untracked 
|  60|0x000000070a400000, 0x000000070a400000, 0x000000070a600000|  0%| F|  |TAMS 0x000000070a400000, 0x000000070a400000| Untracked 
|  61|0x000000070a600000, 0x000000070a600000, 0x000000070a800000|  0%| F|  |TAMS 0x000000070a600000, 0x000000070a600000| Untracked 
|  62|0x000000070a800000, 0x000000070a800000, 0x000000070aa00000|  0%| F|  |TAMS 0x000000070a800000, 0x000000070a800000| Untracked 
|  63|0x000000070aa00000, 0x000000070aa00000, 0x000000070ac00000|  0%| F|  |TAMS 0x000000070aa00000, 0x000000070aa00000| Untracked 
|  64|0x000000070ac00000, 0x000000070ac00000, 0x000000070ae00000|  0%| F|  |TAMS 0x000000070ac00000, 0x000000070ac00000| Untracked 
|  65|0x000000070ae00000, 0x000000070ae00000, 0x000000070b000000|  0%| F|  |TAMS 0x000000070ae00000, 0x000000070ae00000| Untracked 
|  66|0x000000070b000000, 0x000000070b000000, 0x000000070b200000|  0%| F|  |TAMS 0x000000070b000000, 0x000000070b000000| Untracked 
|  67|0x000000070b200000, 0x000000070b200000, 0x000000070b400000|  0%| F|  |TAMS 0x000000070b200000, 0x000000070b200000| Untracked 
|  68|0x000000070b400000, 0x000000070b400000, 0x000000070b600000|  0%| F|  |TAMS 0x000000070b400000, 0x000000070b400000| Untracked 
|  69|0x000000070b600000, 0x000000070b600000, 0x000000070b800000|  0%| F|  |TAMS 0x000000070b600000, 0x000000070b600000| Untracked 
|  70|0x000000070b800000, 0x000000070b800000, 0x000000070ba00000|  0%| F|  |TAMS 0x000000070b800000, 0x000000070b800000| Untracked 
|  71|0x000000070ba00000, 0x000000070ba00000, 0x000000070bc00000|  0%| F|  |TAMS 0x000000070ba00000, 0x000000070ba00000| Untracked 
|  72|0x000000070bc00000, 0x000000070bc00000, 0x000000070be00000|  0%| F|  |TAMS 0x000000070bc00000, 0x000000070bc00000| Untracked 
|  73|0x000000070be00000, 0x000000070be00000, 0x000000070c000000|  0%| F|  |TAMS 0x000000070be00000, 0x000000070be00000| Untracked 
|  74|0x000000070c000000, 0x000000070c000000, 0x000000070c200000|  0%| F|  |TAMS 0x000000070c000000, 0x000000070c000000| Untracked 
|  75|0x000000070c200000, 0x000000070c200000, 0x000000070c400000|  0%| F|  |TAMS 0x000000070c200000, 0x000000070c200000| Untracked 
|  76|0x000000070c400000, 0x000000070c400000, 0x000000070c600000|  0%| F|  |TAMS 0x000000070c400000, 0x000000070c400000| Untracked 
|  77|0x000000070c600000, 0x000000070c600000, 0x000000070c800000|  0%| F|  |TAMS 0x000000070c600000, 0x000000070c600000| Untracked 
|  78|0x000000070c800000, 0x000000070c800000, 0x000000070ca00000|  0%| F|  |TAMS 0x000000070c800000, 0x000000070c800000| Untracked 
|  79|0x000000070ca00000, 0x000000070ca00000, 0x000000070cc00000|  0%| F|  |TAMS 0x000000070ca00000, 0x000000070ca00000| Untracked 
|  80|0x000000070cc00000, 0x000000070cc00000, 0x000000070ce00000|  0%| F|  |TAMS 0x000000070cc00000, 0x000000070cc00000| Untracked 
|  81|0x000000070ce00000, 0x000000070ce00000, 0x000000070d000000|  0%| F|  |TAMS 0x000000070ce00000, 0x000000070ce00000| Untracked 
|  82|0x000000070d000000, 0x000000070d000000, 0x000000070d200000|  0%| F|  |TAMS 0x000000070d000000, 0x000000070d000000| Untracked 
|  83|0x000000070d200000, 0x000000070d200000, 0x000000070d400000|  0%| F|  |TAMS 0x000000070d200000, 0x000000070d200000| Untracked 
|  84|0x000000070d400000, 0x000000070d400000, 0x000000070d600000|  0%| F|  |TAMS 0x000000070d400000, 0x000000070d400000| Untracked 
|  85|0x000000070d600000, 0x000000070d600000, 0x000000070d800000|  0%| F|  |TAMS 0x000000070d600000, 0x000000070d600000| Untracked 
|  86|0x000000070d800000, 0x000000070d800000, 0x000000070da00000|  0%| F|  |TAMS 0x000000070d800000, 0x000000070d800000| Untracked 
|  87|0x000000070da00000, 0x000000070da00000, 0x000000070dc00000|  0%| F|  |TAMS 0x000000070da00000, 0x000000070da00000| Untracked 
|  88|0x000000070dc00000, 0x000000070dc00000, 0x000000070de00000|  0%| F|  |TAMS 0x000000070dc00000, 0x000000070dc00000| Untracked 
|  89|0x000000070de00000, 0x000000070de00000, 0x000000070e000000|  0%| F|  |TAMS 0x000000070de00000, 0x000000070de00000| Untracked 
|  90|0x000000070e000000, 0x000000070e000000, 0x000000070e200000|  0%| F|  |TAMS 0x000000070e000000, 0x000000070e000000| Untracked 
|  91|0x000000070e200000, 0x000000070e200000, 0x000000070e400000|  0%| F|  |TAMS 0x000000070e200000, 0x000000070e200000| Untracked 
|  92|0x000000070e400000, 0x000000070e400000, 0x000000070e600000|  0%| F|  |TAMS 0x000000070e400000, 0x000000070e400000| Untracked 
|  93|0x000000070e600000, 0x000000070e600000, 0x000000070e800000|  0%| F|  |TAMS 0x000000070e600000, 0x000000070e600000| Untracked 
|  94|0x000000070e800000, 0x000000070e800000, 0x000000070ea00000|  0%| F|  |TAMS 0x000000070e800000, 0x000000070e800000| Untracked 
|  95|0x000000070ea00000, 0x000000070ea00000, 0x000000070ec00000|  0%| F|  |TAMS 0x000000070ea00000, 0x000000070ea00000| Untracked 
|  96|0x000000070ec00000, 0x000000070ec00000, 0x000000070ee00000|  0%| F|  |TAMS 0x000000070ec00000, 0x000000070ec00000| Untracked 
|  97|0x000000070ee00000, 0x000000070ee00000, 0x000000070f000000|  0%| F|  |TAMS 0x000000070ee00000, 0x000000070ee00000| Untracked 
|  98|0x000000070f000000, 0x000000070f000000, 0x000000070f200000|  0%| F|  |TAMS 0x000000070f000000, 0x000000070f000000| Untracked 
|  99|0x000000070f200000, 0x000000070f200000, 0x000000070f400000|  0%| F|  |TAMS 0x000000070f200000, 0x000000070f200000| Untracked 
| 100|0x000000070f400000, 0x000000070f400000, 0x000000070f600000|  0%| F|  |TAMS 0x000000070f400000, 0x000000070f400000| Untracked 
| 101|0x000000070f600000, 0x000000070f600000, 0x000000070f800000|  0%| F|  |TAMS 0x000000070f600000, 0x000000070f600000| Untracked 
| 102|0x000000070f800000, 0x000000070f800000, 0x000000070fa00000|  0%| F|  |TAMS 0x000000070f800000, 0x000000070f800000| Untracked 
| 103|0x000000070fa00000, 0x000000070fa00000, 0x000000070fc00000|  0%| F|  |TAMS 0x000000070fa00000, 0x000000070fa00000| Untracked 
| 104|0x000000070fc00000, 0x000000070fc00000, 0x000000070fe00000|  0%| F|  |TAMS 0x000000070fc00000, 0x000000070fc00000| Untracked 
| 105|0x000000070fe00000, 0x000000070fe00000, 0x0000000710000000|  0%| F|  |TAMS 0x000000070fe00000, 0x000000070fe00000| Untracked 
| 106|0x0000000710000000, 0x0000000710000000, 0x0000000710200000|  0%| F|  |TAMS 0x0000000710000000, 0x0000000710000000| Untracked 
| 107|0x0000000710200000, 0x0000000710200000, 0x0000000710400000|  0%| F|  |TAMS 0x0000000710200000, 0x0000000710200000| Untracked 
| 108|0x0000000710400000, 0x0000000710400000, 0x0000000710600000|  0%| F|  |TAMS 0x0000000710400000, 0x0000000710400000| Untracked 
| 109|0x0000000710600000, 0x0000000710600000, 0x0000000710800000|  0%| F|  |TAMS 0x0000000710600000, 0x0000000710600000| Untracked 
| 110|0x0000000710800000, 0x0000000710800000, 0x0000000710a00000|  0%| F|  |TAMS 0x0000000710800000, 0x0000000710800000| Untracked 
| 111|0x0000000710a00000, 0x0000000710a00000, 0x0000000710c00000|  0%| F|  |TAMS 0x0000000710a00000, 0x0000000710a00000| Untracked 
| 112|0x0000000710c00000, 0x0000000710c00000, 0x0000000710e00000|  0%| F|  |TAMS 0x0000000710c00000, 0x0000000710c00000| Untracked 
| 113|0x0000000710e00000, 0x0000000710e00000, 0x0000000711000000|  0%| F|  |TAMS 0x0000000710e00000, 0x0000000710e00000| Untracked 
| 114|0x0000000711000000, 0x0000000711085520, 0x0000000711200000| 26%| S|CS|TAMS 0x0000000711000000, 0x0000000711000000| Complete 
| 115|0x0000000711200000, 0x0000000711400000, 0x0000000711400000|100%| S|CS|TAMS 0x0000000711200000, 0x0000000711200000| Complete 
| 116|0x0000000711400000, 0x0000000711400000, 0x0000000711600000|  0%| F|  |TAMS 0x0000000711400000, 0x0000000711400000| Untracked 
| 117|0x0000000711600000, 0x0000000711600000, 0x0000000711800000|  0%| F|  |TAMS 0x0000000711600000, 0x0000000711600000| Untracked 
| 118|0x0000000711800000, 0x0000000711800000, 0x0000000711a00000|  0%| F|  |TAMS 0x0000000711800000, 0x0000000711800000| Untracked 
| 119|0x0000000711a00000, 0x0000000711a00000, 0x0000000711c00000|  0%| F|  |TAMS 0x0000000711a00000, 0x0000000711a00000| Untracked 
| 120|0x0000000711c00000, 0x0000000711c00000, 0x0000000711e00000|  0%| F|  |TAMS 0x0000000711c00000, 0x0000000711c00000| Untracked 
| 121|0x0000000711e00000, 0x0000000711e00000, 0x0000000712000000|  0%| F|  |TAMS 0x0000000711e00000, 0x0000000711e00000| Untracked 
| 122|0x0000000712000000, 0x0000000712000000, 0x0000000712200000|  0%| F|  |TAMS 0x0000000712000000, 0x0000000712000000| Untracked 
| 123|0x0000000712200000, 0x0000000712200000, 0x0000000712400000|  0%| F|  |TAMS 0x0000000712200000, 0x0000000712200000| Untracked 
| 124|0x0000000712400000, 0x0000000712600000, 0x0000000712600000|100%| E|  |TAMS 0x0000000712400000, 0x0000000712400000| Complete 
| 125|0x0000000712600000, 0x0000000712800000, 0x0000000712800000|100%| E|CS|TAMS 0x0000000712600000, 0x0000000712600000| Complete 
| 126|0x0000000712800000, 0x0000000712a00000, 0x0000000712a00000|100%| E|CS|TAMS 0x0000000712800000, 0x0000000712800000| Complete 

Card table byte_map: [0x000001ca9e710000,0x000001ca9ef00000] _byte_map_base: 0x000001ca9aefa000

Marking Bits (Prev, Next): (CMBitMap*) 0x000001ca87173120, (CMBitMap*) 0x000001ca87173160
 Prev Bits: [0x000001ca9f6f0000, 0x000001caa3640000)
 Next Bits: [0x000001caa3640000, 0x000001caa7590000)

Polling page: 0x000001ca85290000

Metaspace:

Usage:
  Non-class:      1.80 MB used.
      Class:    171.59 KB used.
       Both:      1.97 MB used.

Virtual space:
  Non-class space:       64.00 MB reserved,       1.81 MB (  3%) committed,  1 nodes.
      Class space:        1.00 GB reserved,     192.00 KB ( <1%) committed,  1 nodes.
             Both:        1.06 GB reserved,       2.00 MB ( <1%) committed. 

Chunk freelists:
   Non-Class:  11.69 MB
       Class:  15.69 MB
        Both:  27.38 MB

MaxMetaspaceSize: unlimited
CompressedClassSpaceSize: 1.00 GB
Initial GC threshold: 21.00 MB
Current GC threshold: 21.00 MB
CDS: on
MetaspaceReclaimPolicy: balanced
 - commit_granule_bytes: 65536.
 - commit_granule_words: 8192.
 - virtual_space_node_default_size: 8388608.
 - enlarge_chunks_in_place: 1.
 - new_chunks_are_fully_committed: 0.
 - uncommit_free_chunks: 1.
 - use_allocation_guard: 0.
 - handle_deallocations: 1.


Internal statistics:

num_allocs_failed_limit: 0.
num_arena_births: 14.
num_arena_deaths: 0.
num_vsnodes_births: 2.
num_vsnodes_deaths: 0.
num_space_committed: 32.
num_space_uncommitted: 0.
num_chunks_returned_to_freelist: 0.
num_chunks_taken_from_freelist: 42.
num_chunk_merges: 0.
num_chunk_splits: 20.
num_chunks_enlarged: 16.
num_inconsistent_stats: 0.

CodeHeap 'non-profiled nmethods': size=120000Kb used=271Kb max_used=271Kb free=119728Kb
 bounds [0x000001ca96490000, 0x000001ca96700000, 0x000001ca9d9c0000]
CodeHeap 'profiled nmethods': size=120000Kb used=1336Kb max_used=1336Kb free=118663Kb
 bounds [0x000001ca8e9c0000, 0x000001ca8ec30000, 0x000001ca95ef0000]
CodeHeap 'non-nmethods': size=5760Kb used=1127Kb max_used=1156Kb free=4632Kb
 bounds [0x000001ca95ef0000, 0x000001ca96160000, 0x000001ca96490000]
 total_blobs=1127 nmethods=717 adapters=323
 compilation: enabled
              stopped_count=0, restarted_count=0
 full_count=0

Compilation events (20 events):
Event: 0.658 Thread 0x000001caaa260fc0 nmethod 708 0x000001ca8eb05110 code [0x000001ca8eb05300, 0x000001ca8eb05898]
Event: 0.673 Thread 0x000001caaa260fc0  709       3       java.util.zip.ZipFile$Source::isSignatureRelated (205 bytes)
Event: 0.673 Thread 0x000001caaa260fc0 nmethod 709 0x000001ca8eb05a90 code [0x000001ca8eb05c40, 0x000001ca8eb060f8]
Event: 0.673 Thread 0x000001caaa260fc0  710       3       java.util.zip.ZipFile$Source::getMetaVersion (221 bytes)
Event: 0.674 Thread 0x000001caaa260fc0 nmethod 710 0x000001ca8eb06290 code [0x000001ca8eb06480, 0x000001ca8eb06c18]
Event: 0.674 Thread 0x000001caaa5addd0  713       4       java.util.zip.ZipUtils::CENSIG (8 bytes)
Event: 0.674 Thread 0x000001caaa260fc0  711   !   3       java.util.zip.ZipFile$Source::checkAndAddEntry (262 bytes)
Event: 0.674 Thread 0x000001caaa2586a0  714       4       java.util.zip.ZipUtils::CENNAM (9 bytes)
Event: 0.674 Thread 0x000001caaa5ae490  715       4       java.util.zip.ZipUtils::CENHOW (9 bytes)
Event: 0.674 Thread 0x000001caaa5ae490 nmethod 715 0x000001ca964d3090 code [0x000001ca964d3200, 0x000001ca964d32b8]
Event: 0.674 Thread 0x000001caaa2586a0 nmethod 714 0x000001ca964d3390 code [0x000001ca964d3500, 0x000001ca964d35b8]
Event: 0.674 Thread 0x000001caaa5addd0 nmethod 713 0x000001ca964d3690 code [0x000001ca964d3800, 0x000001ca964d38f8]
Event: 0.675 Thread 0x000001caaa260fc0 nmethod 711 0x000001ca8eb06e10 code [0x000001ca8eb071e0, 0x000001ca8eb08a88]
Event: 0.675 Thread 0x000001caaa260fc0  712       3       java.util.zip.ZipFile$Source::isMetaName (141 bytes)
Event: 0.675 Thread 0x000001caaa260fc0 nmethod 712 0x000001ca8eb09790 code [0x000001ca8eb09940, 0x000001ca8eb09e58]
Event: 0.675 Thread 0x000001caaa5addd0  716   !   4       java.util.zip.ZipFile$Source::checkAndAddEntry (262 bytes)
Event: 0.675 Thread 0x000001caaa2586a0  717       4       java.util.zip.ZipFile$Source::isMetaName (141 bytes)
Event: 0.676 Thread 0x000001caaa5ae490  718 %     4       java.util.zip.ZipFile$Source::initCEN @ 240 (591 bytes)
Event: 0.676 Thread 0x000001caaa2586a0 nmethod 717 0x000001ca964d3a10 code [0x000001ca964d3ba0, 0x000001ca964d3df8]
Event: 0.678 Thread 0x000001caaa260fc0  719   !   3       java.util.zip.ZipFile$Source::findEND (669 bytes)

GC Heap History (2 events):
Event: 0.542 GC heap before
{Heap before GC invocations=0 (full 0):
 garbage-first heap   total 260096K, used 20480K [0x0000000702c00000, 0x0000000800000000)
  region size 2048K, 11 young (22528K), 0 survivors (0K)
 Metaspace       used 1915K, committed 1984K, reserved 1114112K
  class space    used 171K, committed 192K, reserved 1048576K
}
Event: 0.544 GC heap after
{Heap after GC invocations=1 (full 0):
 garbage-first heap   total 260096K, used 2581K [0x0000000702c00000, 0x0000000800000000)
  region size 2048K, 2 young (4096K), 2 survivors (4096K)
 Metaspace       used 1915K, committed 1984K, reserved 1114112K
  class space    used 171K, committed 192K, reserved 1048576K
}

Deoptimization events (20 events):
Event: 0.597 Thread 0x000001ca871041b0 Uncommon trap: trap_request=0xffffffde fr.pc=0x000001ca964c0a5c relative=0x000000000000085c
Event: 0.597 Thread 0x000001ca871041b0 Uncommon trap: reason=class_check action=maybe_recompile pc=0x000001ca964c0a5c method=java.util.HashMap.putVal(ILjava/lang/Object;Ljava/lang/Object;ZZ)Ljava/lang/Object; @ 203 c2
Event: 0.597 Thread 0x000001ca871041b0 DEOPT PACKING pc=0x000001ca964c0a5c sp=0x00000014d86fcad0
Event: 0.597 Thread 0x000001ca871041b0 DEOPT UNPACKING pc=0x000001ca95f423a3 sp=0x00000014d86fca60 mode 2
Event: 0.619 Thread 0x000001ca871041b0 DEOPT PACKING pc=0x000001ca8ea094d6 sp=0x00000014d86fc1d0
Event: 0.619 Thread 0x000001ca871041b0 DEOPT UNPACKING pc=0x000001ca95f42b43 sp=0x00000014d86fb658 mode 0
Event: 0.638 Thread 0x000001ca871041b0 DEOPT PACKING pc=0x000001ca8e9fc776 sp=0x00000014d86fc420
Event: 0.638 Thread 0x000001ca871041b0 DEOPT UNPACKING pc=0x000001ca95f42b43 sp=0x00000014d86fb8e0 mode 0
Event: 0.673 Thread 0x000001ca871041b0 Uncommon trap: trap_request=0xffffff45 fr.pc=0x000001ca964cc6ec relative=0x0000000000000a2c
Event: 0.673 Thread 0x000001ca871041b0 Uncommon trap: reason=unstable_if action=reinterpret pc=0x000001ca964cc6ec method=java.util.zip.ZipCoder$UTF8ZipCoder.checkedHash([BII)I @ 27 c2
Event: 0.673 Thread 0x000001ca871041b0 DEOPT PACKING pc=0x000001ca964cc6ec sp=0x00000014d86fc0f0
Event: 0.673 Thread 0x000001ca871041b0 DEOPT UNPACKING pc=0x000001ca95f423a3 sp=0x00000014d86fc048 mode 2
Event: 0.673 Thread 0x000001ca871041b0 Uncommon trap: trap_request=0xffffff45 fr.pc=0x000001ca9649a5b8 relative=0x00000000000001b8
Event: 0.673 Thread 0x000001ca871041b0 Uncommon trap: reason=unstable_if action=reinterpret pc=0x000001ca9649a5b8 method=java.lang.String.hashCode()I @ 20 c2
Event: 0.673 Thread 0x000001ca871041b0 DEOPT PACKING pc=0x000001ca9649a5b8 sp=0x00000014d86fbf80
Event: 0.673 Thread 0x000001ca871041b0 DEOPT UNPACKING pc=0x000001ca95f423a3 sp=0x00000014d86fbf10 mode 2
Event: 0.674 Thread 0x000001ca871041b0 Uncommon trap: trap_request=0xffffff45 fr.pc=0x000001ca964cb7b0 relative=0x0000000000000190
Event: 0.674 Thread 0x000001ca871041b0 Uncommon trap: reason=unstable_if action=reinterpret pc=0x000001ca964cb7b0 method=java.util.zip.ZipFile$Source.isMetaName([BII)Z @ 57 c2
Event: 0.674 Thread 0x000001ca871041b0 DEOPT PACKING pc=0x000001ca964cb7b0 sp=0x00000014d86fc190
Event: 0.674 Thread 0x000001ca871041b0 DEOPT UNPACKING pc=0x000001ca95f423a3 sp=0x00000014d86fc120 mode 2

Classes unloaded (0 events):
No events

Classes redefined (0 events):
No events

Internal exceptions (1 events):
Event: 0.187 Thread 0x000001ca871041b0 Exception <a 'java/lang/NoSuchMethodError'{0x000000071274e7f0}: 'int java.lang.invoke.DirectMethodHandle$Holder.invokeStaticInit(java.lang.Object, java.lang.Object)'> (0x000000071274e7f0) 
thrown [s\open\src\hotspot\share\interpreter\linkResolver.cpp, line 759]

VM Operations (4 events):
Event: 0.076 Executing VM operation: HandshakeAllThreads
Event: 0.076 Executing VM operation: HandshakeAllThreads done
Event: 0.542 Executing VM operation: G1CollectForAllocation
Event: 0.544 Executing VM operation: G1CollectForAllocation done

Events (20 events):
Event: 0.177 loading class java/util/Vector
Event: 0.178 loading class java/util/Vector done
Event: 0.178 loading class java/io/FilePermissionCollection$1
Event: 0.178 loading class java/io/FilePermissionCollection$1 done
Event: 0.191 loading class java/net/MalformedURLException
Event: 0.191 loading class java/net/MalformedURLException done
Event: 0.192 loading class java/io/FileFilter
Event: 0.192 loading class java/io/FileFilter done
Event: 0.229 loading class java/util/AbstractList$Itr
Event: 0.229 loading class java/util/AbstractList$Itr done
Event: 0.230 loading class java/util/zip/ZipException
Event: 0.231 loading class java/util/zip/ZipException done
Event: 0.241 loading class java/lang/invoke/DirectMethodHandle$Special
Event: 0.241 loading class java/lang/invoke/DirectMethodHandle$Special done
Event: 0.465 Thread 0x000001caaa5addd0 Thread added: 0x000001caaa5addd0
Event: 0.470 Thread 0x000001caaa5ae490 Thread added: 0x000001caaa5ae490
Event: 0.491 loading class java/io/BufferedReader
Event: 0.491 loading class java/io/BufferedReader done
Event: 0.491 loading class sun/nio/cs/StreamDecoder
Event: 0.492 loading class sun/nio/cs/StreamDecoder done


Dynamic libraries:
0x00007ff718c70000 - 0x00007ff718c80000 	C:\Program Files\Java\jdk-17\bin\java.exe
0x00007ffbe28c0000 - 0x00007ffbe2b28000 	C:\WINDOWS\SYSTEM32\ntdll.dll
0x00007ffbe0f50000 - 0x00007ffbe1019000 	C:\WINDOWS\System32\KERNEL32.DLL
0x00007ffbe00e0000 - 0x00007ffbe04d8000 	C:\WINDOWS\System32\KERNELBASE.dll
0x00007ffbdfbb0000 - 0x00007ffbdfcfb000 	C:\WINDOWS\System32\ucrtbase.dll
0x00007ffbaefd0000 - 0x00007ffbaefeb000 	C:\Program Files\Java\jdk-17\bin\VCRUNTIME140.dll
0x00007ffbaeff0000 - 0x00007ffbaf009000 	C:\Program Files\Java\jdk-17\bin\jli.dll
0x00007ffbe0e90000 - 0x00007ffbe0f44000 	C:\WINDOWS\System32\ADVAPI32.dll
0x00007ffbe13e0000 - 0x00007ffbe1489000 	C:\WINDOWS\System32\msvcrt.dll
0x00007ffbe16d0000 - 0x00007ffbe1776000 	C:\WINDOWS\System32\sechost.dll
0x00007ffbe1970000 - 0x00007ffbe1a88000 	C:\WINDOWS\System32\RPCRT4.dll
0x00007ffbe1780000 - 0x00007ffbe1947000 	C:\WINDOWS\System32\USER32.dll
0x00007ffbc38a0000 - 0x00007ffbc3b34000 	C:\WINDOWS\WinSxS\amd64_microsoft.windows.common-controls_6595b64144ccf1df_6.0.26100.7019_none_3e06ffa0e335b8a8\COMCTL32.dll
0x00007ffbdfb80000 - 0x00007ffbdfba7000 	C:\WINDOWS\System32\win32u.dll
0x00007ffbe0690000 - 0x00007ffbe06bb000 	C:\WINDOWS\System32\GDI32.dll
0x00007ffbdfd00000 - 0x00007ffbdfe2c000 	C:\WINDOWS\System32\gdi32full.dll
0x00007ffbdfad0000 - 0x00007ffbdfb73000 	C:\WINDOWS\System32\msvcp_win.dll
0x00007ffbdd570000 - 0x00007ffbdd57b000 	C:\WINDOWS\SYSTEM32\VERSION.dll
0x00007ffbe1310000 - 0x00007ffbe1341000 	C:\WINDOWS\System32\IMM32.DLL
0x00007ffbaef10000 - 0x00007ffbaef1c000 	C:\Program Files\Java\jdk-17\bin\vcruntime140_1.dll
0x00007ffb93a90000 - 0x00007ffb93b1e000 	C:\Program Files\Java\jdk-17\bin\msvcp140.dll
0x00007ffb48400000 - 0x00007ffb48fe0000 	C:\Program Files\Java\jdk-17\bin\server\jvm.dll
0x00007ffbe16c0000 - 0x00007ffbe16c8000 	C:\WINDOWS\System32\PSAPI.DLL
0x00007ffbda800000 - 0x00007ffbda80a000 	C:\WINDOWS\SYSTEM32\WSOCK32.dll
0x00007ffbc5330000 - 0x00007ffbc5365000 	C:\WINDOWS\SYSTEM32\WINMM.dll
0x00007ffbe15d0000 - 0x00007ffbe1644000 	C:\WINDOWS\System32\WS2_32.dll
0x00007ffbde7d0000 - 0x00007ffbde7eb000 	C:\WINDOWS\SYSTEM32\kernel.appcore.dll
0x00007ffbaef00000 - 0x00007ffbaef0a000 	C:\Program Files\Java\jdk-17\bin\jimage.dll
0x00007ffbd2e10000 - 0x00007ffbd3052000 	C:\WINDOWS\SYSTEM32\DBGHELP.DLL
0x00007ffbe2460000 - 0x00007ffbe27eb000 	C:\WINDOWS\System32\combase.dll
0x00007ffbe1490000 - 0x00007ffbe1567000 	C:\WINDOWS\System32\OLEAUT32.dll
0x00007ffbb69e0000 - 0x00007ffbb6a1c000 	C:\WINDOWS\SYSTEM32\dbgcore.DLL
0x00007ffbdfe30000 - 0x00007ffbdfed5000 	C:\WINDOWS\System32\bcryptPrimitives.dll
0x00007ffb964b0000 - 0x00007ffb964d5000 	C:\Program Files\Java\jdk-17\bin\java.dll
0x00007ffb56710000 - 0x00007ffb567e7000 	C:\Program Files\Java\jdk-17\bin\jsvml.dll
0x00007ffbe1a90000 - 0x00007ffbe21df000 	C:\WINDOWS\System32\SHELL32.dll
0x00007ffbdfee0000 - 0x00007ffbe004b000 	C:\WINDOWS\System32\wintypes.dll
0x00007ffbdd670000 - 0x00007ffbddecd000 	C:\WINDOWS\SYSTEM32\windows.storage.dll
0x00007ffbe21f0000 - 0x00007ffbe22e2000 	C:\WINDOWS\System32\SHCORE.dll
0x00007ffbe1650000 - 0x00007ffbe16b7000 	C:\WINDOWS\System32\shlwapi.dll
0x00007ffbdf930000 - 0x00007ffbdf959000 	C:\WINDOWS\SYSTEM32\profapi.dll
0x00007ffbaeee0000 - 0x00007ffbaeef9000 	C:\Program Files\Java\jdk-17\bin\net.dll
0x00007ffbd9600000 - 0x00007ffbd9728000 	C:\WINDOWS\SYSTEM32\WINHTTP.dll
0x00007ffbdee60000 - 0x00007ffbdeecb000 	C:\WINDOWS\system32\mswsock.dll
0x00007ffb973c0000 - 0x00007ffb973d6000 	C:\Program Files\Java\jdk-17\bin\nio.dll
0x00007ffb971e0000 - 0x00007ffb971f8000 	C:\Program Files\Java\jdk-17\bin\zip.dll
0x00007ffba4050000 - 0x00007ffba4060000 	C:\Program Files\Java\jdk-17\bin\verify.dll

dbghelp: loaded successfully - version: 4.0.5 - missing functions: none
symbol engine: initialized successfully - sym options: 0x614 - pdb path: .;C:\Program Files\Java\jdk-17\bin;C:\WINDOWS\SYSTEM32;C:\WINDOWS\WinSxS\amd64_microsoft.windows.common-controls_6595b64144ccf1df_6.0.26100.7019_none_3e06ffa0e335b8a8;C:\Program Files\Java\jdk-17\bin\server

VM Arguments:
jvm_args: -Dorg.gradle.appname=gradlew 
java_command: org.gradle.wrapper.GradleWrapperMain -q -Ptarget-platform=android-x64 -Ptarget=F:\Best-Flutter-UI-Templates-master\Best-Flutter-UI-Templates-master\dashboard\lib\main.dart -Pbase-application-name=android.app.Application -Pdart-defines=Zmx1dHRlci5pbnNwZWN0b3Iuc3RydWN0dXJlZEVycm9ycz10cnVl,RkxVVFRFUl9WRVJTSU9OPTMuMzguMw==,RkxVVFRFUl9DSEFOTkVMPXN0YWJsZQ==,RkxVVFRFUl9HSVRfVVJMPWh0dHBzOi8vZ2l0aHViLmNvbS9mbHV0dGVyL2ZsdXR0ZXIuZ2l0,RkxVVFRFUl9GUkFNRVdPUktfUkVWSVNJT049MTkwNzRkMTJmNw==,RkxVVFRFUl9FTkdJTkVfUkVWSVNJT049MTNlNjU4NzI1ZA==,RkxVVFRFUl9EQVJUX1ZFUlNJT049My4xMC4x -Pdart-obfuscation=false -Ptrack-widget-creation=true -Ptree-shake-icons=false -Pfilesystem-scheme=org-dartlang-root assembleDebug
java_class_path (initial): F:\Best-Flutter-UI-Templates-master\Best-Flutter-UI-Templates-master\dashboard\android\\gradle\wrapper\gradle-wrapper.jar
Launcher Type: SUN_STANDARD

[Global flags]
     intx CICompilerCount                          = 4                                         {product} {ergonomic}
     uint ConcGCThreads                            = 3                                         {product} {ergonomic}
     uint G1ConcRefinementThreads                  = 10                                        {product} {ergonomic}
   size_t G1HeapRegionSize                         = 2097152                                   {product} {ergonomic}
    uintx GCDrainStackTargetSize                   = 64                                        {product} {ergonomic}
   size_t InitialHeapSize                          = 266338304                                 {product} {ergonomic}
   size_t MarkStackSize                            = 4194304                                   {product} {ergonomic}
   size_t MaxHeapSize                              = 4248829952                                {product} {ergonomic}
   size_t MaxNewSize                               = 2548039680                                {product} {ergonomic}
   size_t MinHeapDeltaBytes                        = 2097152                                   {product} {ergonomic}
   size_t MinHeapSize                              = 8388608                                   {product} {ergonomic}
    uintx NonNMethodCodeHeapSize                   = 5839372                                {pd product} {ergonomic}
    uintx NonProfiledCodeHeapSize                  = 122909434                              {pd product} {ergonomic}
    uintx ProfiledCodeHeapSize                     = 122909434                              {pd product} {ergonomic}
    uintx ReservedCodeCacheSize                    = 251658240                              {pd product} {ergonomic}
     bool SegmentedCodeCache                       = true                                      {product} {ergonomic}
   size_t SoftMaxHeapSize                          = 4248829952                             {manageable} {ergonomic}
     bool UseCompressedClassPointers               = true                           {product lp64_product} {ergonomic}
     bool UseCompressedOops                        = true                           {product lp64_product} {ergonomic}
     bool UseG1GC                                  = true                                      {product} {ergonomic}
     bool UseLargePagesIndividualAllocation        = false                                  {pd product} {ergonomic}

Logging:
Log output configuration:
 #0: stdout all=warning uptime,level,tags
 #1: stderr all=off uptime,level,tags

Environment Variables:
JAVA_HOME=C:\Program Files\Java\jdk-17
CLASSPATH=F:\Best-Flutter-UI-Templates-master\Best-Flutter-UI-Templates-master\dashboard\android\\gradle\wrapper\gradle-wrapper.jar
PATH=C:\Program Files\Java\jdk-17\bin;C:\Program Files\Common Files\Oracle\Java\javapath;C:\WINDOWS\system32;C:\WINDOWS;C:\WINDOWS\System32\Wbem;C:\WINDOWS\System32\WindowsPowerShell\v1.0\;C:\WINDOWS\System32\OpenSSH\;C:\Program Files (x86)\Windows Kits\10\Windows Performance Toolkit\;C:\Program Files\dotnet\;C:\Program Files (x86)\Microsoft SQL Server\160\Tools\Binn\;C:\Program Files\Microsoft SQL Server\160\Tools\Binn\;C:\Program Files\Microsoft SQL Server\Client SDK\ODBC\170\Tools\Binn\;C:\Program Files\Microsoft SQL Server\160\DTS\Binn\;C:\Program Files (x86)\Microsoft SQL Server\160\DTS\Binn\;C:\Program Files\Cloudflare\Cloudflare WARP\;C:\Program Files\PuTTY\;C:\Program Files\nodejs\;C:\Program Files\Git\cmd;C:\Program Files\Java\jdk-17\bin;C:\Program Files\Common Files\Oracle\Java\javapath;C:\WINDOWS\system32;C:\WINDOWS;C:\WINDOWS\System32\Wbem;C:\WINDOWS\System32\WindowsPowerShell\v1.0\;C:\WINDOWS\System32\OpenSSH\;C:\Program Files (x86)\Windows Kits\10\Windows Performance Toolkit\;C:\Program Files\dotnet\;C:\Program Files (x86)\Microsoft SQL Server\160\Tools\Binn\;C:\Program Files\Microsoft SQL Server\160\Tools\Binn\;C:\Program Files\Microsoft SQL Server\Client SDK\ODBC\170\Tools\Binn\;C:\Program Files\Microsoft SQL Server\160\DTS\Binn\;C:\Program Files (x86)\Microsoft SQL Server\160\DTS\Binn\;C:\Program Files\Cloudflare\Cloudflare WARP\;C:\Program Files\PuTTY\;C:\Program Files\nodejs\;C:\Program Files\Git\cmd;C:\Program Files\Java\jdk-17\bin;C:\Users\MSI GF65\AppData\Local\Microsoft\WindowsApps;C:\Users\MSI GF65\.dotnet\tools;C:\Users\MSI GF65\AppData\Roaming\npm;F:\Microsoft VS Code\bin;F:\flutter_windows_3.35.7-stable\flutter\bin;C:\Users\MSI GF65\AppData\Local\Pub\Cache\bin;;F:\flutter_windows_3.35.7-stable\flutter\bin\mingit\cmd
USERNAME=MSI GF65
OS=Windows_NT
PROCESSOR_IDENTIFIER=Intel64 Family 6 Model 165 Stepping 2, GenuineIntel



---------------  S Y S T E M  ---------------

OS:
 Windows 11 , 64 bit Build 26100 (10.0.26100.7019)
OS uptime: 0 days 23:14 hours

CPU: total 12 (initial active 12) (6 cores per cpu, 2 threads per core) family 6 model 165 stepping 2 microcode 0xe2, cx8, cmov, fxsr, ht, mmx, 3dnowpref, sse, sse2, sse3, ssse3, sse4.1, sse4.2, popcnt, lzcnt, tsc, tscinvbit, avx, avx2, aes, erms, clmul, bmi1, bmi2, adx, fma, vzeroupper, clflush, clflushopt

Memory: 4k page, system-wide physical 16205M (945M free)
TotalPageFile size 25490M (AvailPageFile size 2M)
current process WorkingSet (physical memory assigned to process): 80M, peak: 80M
current process commit charge ("private bytes"): 361M, peak: 361M

vm_info: Java HotSpot(TM) 64-Bit Server VM (17.0.12+8-LTS-286) for windows-amd64 JRE (17.0.12+8-LTS-286), built on Jun  5 2024 06:46:59 by "mach5one" with MS VC++ 17.6 (VS2022)

END.
